--------------- Build Started: 12/03/2020 18:25:25 Project: Library_example, Configuration: ARM GCC 5.4-2016-q2-update Debug ---------------
The code generation step is up to date.
main.c: In function 'SlowColorBlend':
main.c:50:15: warning: unused variable 'arr' [-Wunused-variable]
        uint16 arr[] = {0, 1, 2, 12, 13, 14, 15, 17, 18, 19, 20, 28, 29};
               ^
main.c:43:25: warning: unused variable 'StripLights_CLUT' [-Wunused-variable]
     extern const uint32 StripLights_CLUT[ ];
                         ^
main.c:42:32: warning: unused variable 'color' [-Wunused-variable]
     uint32 fromColor, toColor, color;
                                ^
main.c:42:23: warning: unused variable 'toColor' [-Wunused-variable]
     uint32 fromColor, toColor, color;
                       ^
main.c:42:12: warning: unused variable 'fromColor' [-Wunused-variable]
     uint32 fromColor, toColor, color;
            ^
main.c:41:12: warning: unused variable 'pct' [-Wunused-variable]
     uint32 pct = 0;
            ^
main.c:40:12: warning: unused variable 'x' [-Wunused-variable]
     uint32 x = 0;
            ^
main.c:39:12: warning: unused variable 'led' [-Wunused-variable]
     uint32 led = 0;
            ^
main.c:38:12: warning: unused variable 'timeCnt' [-Wunused-variable]
     uint32 timeCnt = 0; 
            ^
arm-none-eabi-gcc.exe -mcpu=cortex-m0 -mthumb -I. -IGenerated_Source\PSoC4 -Wa,-alh=.\CortexM0\ARM_GCC_541\Debug/main.lst -g -D DEBUG -D CY_CORE_ID=0 -Wall -ffunction-sections -ffat-lto-objects -Og -c main.c -o .\CortexM0\ARM_GCC_541\Debug\main.o
arm-none-eabi-ar.exe: creating .\CortexM0\ARM_GCC_541\Debug\Library_example.a
arm-none-eabi-ar.exe -rs .\CortexM0\ARM_GCC_541\Debug\Library_example.a .\CortexM0\ARM_GCC_541\Debug\StripLights.o .\CortexM0\ARM_GCC_541\Debug\StripLights_fonts.o .\CortexM0\ARM_GCC_541\Debug\S0.o .\CortexM0\ARM_GCC_541\Debug\S0_PM.o .\CortexM0\ARM_GCC_541\Debug\SW1.o .\CortexM0\ARM_GCC_541\Debug\SW1_PM.o .\CortexM0\ARM_GCC_541\Debug\StripLights_fisr.o .\CortexM0\ARM_GCC_541\Debug\StripLights_cisr.o .\CortexM0\ARM_GCC_541\Debug\StripLights_Clock_1.o .\CortexM0\ARM_GCC_541\Debug\StripLights_StringSel.o .\CortexM0\ARM_GCC_541\Debug\StripLights_StringSel_PM.o .\CortexM0\ARM_GCC_541\Debug\CyFlash.o .\CortexM0\ARM_GCC_541\Debug\CyLib.o .\CortexM0\ARM_GCC_541\Debug\cyPm.o .\CortexM0\ARM_GCC_541\Debug\cyutils.o .\CortexM0\ARM_GCC_541\Debug\CyDMA.o .\CortexM0\ARM_GCC_541\Debug\CyLFClk.o .\CortexM0\ARM_GCC_541\Debug\cy_em_eeprom.o .\CortexM0\ARM_GCC_541\Debug\CyBootAsmGnu.o
arm-none-eabi-gcc.exe -Wl,--start-group -o "C:\Users\alex\Documents\PSoC Creator\FunWithLEDs\Library_example.cydsn\CortexM0\ARM_GCC_541\Debug\Library_example.elf" .\CortexM0\ARM_GCC_541\Debug\main.o .\CortexM0\ARM_GCC_541\Debug\cyfitter_cfg.o .\CortexM0\ARM_GCC_541\Debug\cymetadata.o .\CortexM0\ARM_GCC_541\Debug\Cm0Start.o .\CortexM0\ARM_GCC_541\Debug\Library_example.a -mcpu=cortex-m0 -mthumb -L Generated_Source\PSoC4 -Wl,-Map,.\CortexM0\ARM_GCC_541\Debug/Library_example.map -T Generated_Source\PSoC4\cm0gcc.ld -specs=nano.specs -Wl,--gc-sections -g -ffunction-sections -Og -ffat-lto-objects -Wl,--end-group
cyelftool.exe -C "C:\Users\alex\Documents\PSoC Creator\FunWithLEDs\Library_example.cydsn\CortexM0\ARM_GCC_541\Debug\Library_example.elf" --flash_row_size 256 --flash_size 262144 --flash_offset 0x00000000
No ELF section .cychecksum found, creating one
Application checksum calculated and stored in ELF section .cychecksum
Checksum calculated and stored in ELF section .cymeta
cyelftool.exe -S "C:\Users\alex\Documents\PSoC Creator\FunWithLEDs\Library_example.cydsn\CortexM0\ARM_GCC_541\Debug\Library_example.elf"
Flash used: 5334 of 262144 bytes (2.0 %).
SRAM used: 1880 of 32768 bytes (5.7 %). Stack: 1024 bytes. Heap: 128 bytes.
--------------- Build Succeeded: 12/03/2020 18:25:26 ---------------
