Loading plugins phase: Elapsed time ==> 0s.276ms
<CYPRESSTAG name="CyDsfit arguments...">
cydsfit arguments: -.fdsnotice -.fdswarpdepfile=warp_dependencies.txt -.fdselabdepfile=elab_dependencies.txt -.fdsbldfile=generated_files.txt -.fdsreffile=referenced_files.txt -p C:\Users\alex\Documents\PSoC Creator\FunWithLEDs\Library_example.cydsn\Library_example.cyprj -d CY8C4248LQI-BL583 -s C:\Users\alex\Documents\PSoC Creator\FunWithLEDs\Library_example.cydsn\Generated_Source\PSoC4 -- -yv2 -q10 -ygs -o2 -v3 -.fftcfgtype=LE
</CYPRESSTAG>
<CYPRESSTAG name="Design elaboration results...">
</CYPRESSTAG>
Elaboration phase: Elapsed time ==> 1s.102ms
<CYPRESSTAG name="HDL generation results...">
</CYPRESSTAG>
HDL generation phase: Elapsed time ==> 0s.083ms
<CYPRESSTAG name="Synthesis results...">

     | | | | | | |
   _________________
  -|               |-
  -|               |-
  -|               |-
  -|    CYPRESS    |-
  -|               |-
  -|               |-   Warp Verilog Synthesis Compiler: Version 6.3 IR 41
  -|               |-   Copyright (C) 1991-2001 Cypress Semiconductor
   |_______________|
     | | | | | | |

======================================================================
Compiling:  Library_example.v
Program  :   C:\Program Files (x86)\Cypress\PSoC Creator\4.4\PSoC Creator\warp\bin\warp.exe
Options  :    -yv2 -q10 -ygs -o2 -v3 -.fftcfgtype=LE -ya -.fftprj=C:\Users\alex\Documents\PSoC Creator\FunWithLEDs\Library_example.cydsn\Library_example.cyprj -dcpsoc3 Library_example.v -verilog
======================================================================

======================================================================
Compiling:  Library_example.v
Program  :   C:\Program Files (x86)\Cypress\PSoC Creator\4.4\PSoC Creator\warp\bin\warp.exe
Options  :    -yv2 -q10 -ygs -o2 -v3 -.fftcfgtype=LE -ya -.fftprj=C:\Users\alex\Documents\PSoC Creator\FunWithLEDs\Library_example.cydsn\Library_example.cyprj -dcpsoc3 Library_example.v -verilog
======================================================================

======================================================================
Compiling:  Library_example.v
Program  :   vlogfe
Options  :    -yv2 -q10 -ygs -o2 -v3 -.fftcfgtype=LE -ya -.fftprj=C:\Users\alex\Documents\PSoC Creator\FunWithLEDs\Library_example.cydsn\Library_example.cyprj -dcpsoc3 -verilog Library_example.v
======================================================================

vlogfe V6.3 IR 41:  Verilog parser
Thu Dec 03 16:45:07 2020


======================================================================
Compiling:  Library_example.v
Program  :   vpp
Options  :    -yv2 -q10 Library_example.v
======================================================================

vpp V6.3 IR 41:  Verilog Pre-Processor
Thu Dec 03 16:45:07 2020

Flattening file 'C:\Program Files (x86)\Cypress\PSoC Creator\4.4\PSoC Creator\psoc\content\CyPrimitives\cyprimitives.cylib\ZeroTerminal\ZeroTerminal.v'
Flattening file 'C:\Program Files (x86)\Cypress\PSoC Creator\4.4\PSoC Creator\psoc\content\CyPrimitives\cyprimitives.cylib\demux_v1_10\demux_v1_10.v'
Flattening file 'C:\Users\alex\Documents\PSoC Creator\FunWithLEDs\WS281xLib.cylib\B_WS2811_v1_3\B_WS2811_v1_3.v'
Flattening file 'C:\Program Files (x86)\Cypress\PSoC Creator\4.4\PSoC Creator\warp\lib\common\cypress.v'
Flattening file 'C:\Program Files (x86)\Cypress\PSoC Creator\4.4\PSoC Creator\warp\lib\common\cy_psoc3_inc.v'
Flattening file 'C:\Program Files (x86)\Cypress\PSoC Creator\4.4\PSoC Creator\psoc\content\CyPrimitives\cyprimitives.cylib\CyControlReg_v1_80\CyControlReg_v1_80.v'
Flattening file 'C:\Program Files (x86)\Cypress\PSoC Creator\4.4\PSoC Creator\warp\lib\common\cypress.v'

vpp:  No errors.

Library 'work' => directory 'lcpsoc3'
General_symbol_table
General_symbol_table
Linking 'C:\Program Files (x86)\Cypress\PSoC Creator\4.4\PSoC Creator\warp\lib\common\std.vhd'.
Linking 'C:\Program Files (x86)\Cypress\PSoC Creator\4.4\PSoC Creator\warp\lib\common\cypress.vhd'.
Linking 'C:\Program Files (x86)\Cypress\PSoC Creator\4.4\PSoC Creator\warp\lib\common\work\cypress.vif'.
Linking 'C:\Program Files (x86)\Cypress\PSoC Creator\4.4\PSoC Creator\warp\lib\ieee\work\stdlogic.vif'.
Linking 'C:\Program Files (x86)\Cypress\PSoC Creator\4.4\PSoC Creator\warp\lib\common\stdlogic\lpmpkg.vif'.
Linking 'C:\Program Files (x86)\Cypress\PSoC Creator\4.4\PSoC Creator\warp\lib\common\stdlogic\rtlpkg.vif'.
Linking 'C:\Program Files (x86)\Cypress\PSoC Creator\4.4\PSoC Creator\warp\lib\common\stdlogic\mod_cnst.vif'.
Linking 'C:\Program Files (x86)\Cypress\PSoC Creator\4.4\PSoC Creator\warp\lib\common\stdlogic\mod_mthv.vif'.
Linking 'C:\Program Files (x86)\Cypress\PSoC Creator\4.4\PSoC Creator\warp\lib\common\stdlogic\mod_genv.vif'.
Using control file 'Library_example.ctl'.
C:\Users\alex\Documents\PSoC Creator\FunWithLEDs\WS281xLib.cylib\B_WS2811_v1_3\B_WS2811_v1_3.v (line 165, col 50):  Note: Substituting module 'add_vv_vv' for '+'.
Linking 'C:\Program Files (x86)\Cypress\PSoC Creator\4.4\PSoC Creator\warp\lib\common\stdlogic\cy_psoc3pkg.vif'.
Linking 'C:\Program Files (x86)\Cypress\PSoC Creator\4.4\PSoC Creator\warp\lib\common\stdlogic\cy_psoc3.vif'.

vlogfe:  No errors.


======================================================================
Compiling:  Library_example.v
Program  :   tovif
Options  :    -yv2 -q10 -ygs -o2 -v3 -.fftcfgtype=LE -ya -.fftprj=C:\Users\alex\Documents\PSoC Creator\FunWithLEDs\Library_example.cydsn\Library_example.cyprj -dcpsoc3 -verilog Library_example.v
======================================================================

tovif V6.3 IR 41:  High-level synthesis
Thu Dec 03 16:45:08 2020

Linking 'C:\Program Files (x86)\Cypress\PSoC Creator\4.4\PSoC Creator\warp\lib\common\std.vhd'.
Linking 'C:\Program Files (x86)\Cypress\PSoC Creator\4.4\PSoC Creator\warp\lib\common\cypress.vhd'.
Linking 'C:\Program Files (x86)\Cypress\PSoC Creator\4.4\PSoC Creator\warp\lib\common\work\cypress.vif'.
Linking 'C:\Program Files (x86)\Cypress\PSoC Creator\4.4\PSoC Creator\warp\lib\ieee\work\stdlogic.vif'.
Linking 'C:\Program Files (x86)\Cypress\PSoC Creator\4.4\PSoC Creator\warp\lib\common\stdlogic\lpmpkg.vif'.
Linking 'C:\Program Files (x86)\Cypress\PSoC Creator\4.4\PSoC Creator\warp\lib\common\stdlogic\rtlpkg.vif'.
Linking 'C:\Program Files (x86)\Cypress\PSoC Creator\4.4\PSoC Creator\warp\lib\common\stdlogic\mod_cnst.vif'.
Linking 'C:\Program Files (x86)\Cypress\PSoC Creator\4.4\PSoC Creator\warp\lib\common\stdlogic\mod_mthv.vif'.
Linking 'C:\Program Files (x86)\Cypress\PSoC Creator\4.4\PSoC Creator\warp\lib\common\stdlogic\mod_genv.vif'.
Linking 'C:\Users\alex\Documents\PSoC Creator\FunWithLEDs\Library_example.cydsn\codegentemp\Library_example.ctl'.
Linking 'C:\Program Files (x86)\Cypress\PSoC Creator\4.4\PSoC Creator\psoc\content\CyPrimitives\cyprimitives.cylib\ZeroTerminal\ZeroTerminal.v'.
Linking 'C:\Users\alex\Documents\PSoC Creator\FunWithLEDs\Library_example.cydsn\codegentemp\Library_example.v'.
Linking 'C:\Program Files (x86)\Cypress\PSoC Creator\4.4\PSoC Creator\psoc\content\CyPrimitives\cyprimitives.cylib\demux_v1_10\demux_v1_10.v'.
Linking 'C:\Users\alex\Documents\PSoC Creator\FunWithLEDs\WS281xLib.cylib\B_WS2811_v1_3\B_WS2811_v1_3.v'.
Linking 'C:\Program Files (x86)\Cypress\PSoC Creator\4.4\PSoC Creator\warp\lib\common\cypress.v'.
Linking 'C:\Program Files (x86)\Cypress\PSoC Creator\4.4\PSoC Creator\warp\lib\common\cy_psoc3_inc.v'.
Linking 'C:\Program Files (x86)\Cypress\PSoC Creator\4.4\PSoC Creator\psoc\content\CyPrimitives\cyprimitives.cylib\CyControlReg_v1_80\CyControlReg_v1_80.v'.
Linking 'C:\Program Files (x86)\Cypress\PSoC Creator\4.4\PSoC Creator\warp\lib\common\stdlogic\cy_psoc3pkg.vif'.
Linking 'C:\Program Files (x86)\Cypress\PSoC Creator\4.4\PSoC Creator\warp\lib\common\stdlogic\cy_psoc3.vif'.
Linking 'C:\Program Files (x86)\Cypress\PSoC Creator\4.4\PSoC Creator\warp\lib\lcpsoc3\stdlogic\mod_cnst.vif'.

tovif:  No errors.


======================================================================
Compiling:  Library_example.v
Program  :   topld
Options  :    -yv2 -q10 -ygs -o2 -v3 -.fftcfgtype=LE -ya -.fftprj=C:\Users\alex\Documents\PSoC Creator\FunWithLEDs\Library_example.cydsn\Library_example.cyprj -dcpsoc3 -verilog Library_example.v
======================================================================

topld V6.3 IR 41:  Synthesis and optimization
Thu Dec 03 16:45:08 2020

Linking 'C:\Program Files (x86)\Cypress\PSoC Creator\4.4\PSoC Creator\warp\lib\common\std.vhd'.
Linking 'C:\Program Files (x86)\Cypress\PSoC Creator\4.4\PSoC Creator\warp\lib\common\cypress.vhd'.
Linking 'C:\Program Files (x86)\Cypress\PSoC Creator\4.4\PSoC Creator\warp\lib\common\work\cypress.vif'.
Linking 'C:\Program Files (x86)\Cypress\PSoC Creator\4.4\PSoC Creator\warp\lib\ieee\work\stdlogic.vif'.
Linking 'C:\Program Files (x86)\Cypress\PSoC Creator\4.4\PSoC Creator\warp\lib\common\stdlogic\lpmpkg.vif'.
Linking 'C:\Program Files (x86)\Cypress\PSoC Creator\4.4\PSoC Creator\warp\lib\common\stdlogic\rtlpkg.vif'.
Linking 'C:\Program Files (x86)\Cypress\PSoC Creator\4.4\PSoC Creator\warp\lib\common\stdlogic\mod_cnst.vif'.
Linking 'C:\Program Files (x86)\Cypress\PSoC Creator\4.4\PSoC Creator\warp\lib\common\stdlogic\mod_mthv.vif'.
Linking 'C:\Program Files (x86)\Cypress\PSoC Creator\4.4\PSoC Creator\warp\lib\common\stdlogic\mod_genv.vif'.
Linking 'C:\Users\alex\Documents\PSoC Creator\FunWithLEDs\Library_example.cydsn\codegentemp\Library_example.ctl'.
Linking 'C:\Program Files (x86)\Cypress\PSoC Creator\4.4\PSoC Creator\psoc\content\CyPrimitives\cyprimitives.cylib\ZeroTerminal\ZeroTerminal.v'.
Linking 'C:\Users\alex\Documents\PSoC Creator\FunWithLEDs\Library_example.cydsn\codegentemp\Library_example.v'.
Linking 'C:\Program Files (x86)\Cypress\PSoC Creator\4.4\PSoC Creator\psoc\content\CyPrimitives\cyprimitives.cylib\demux_v1_10\demux_v1_10.v'.
Linking 'C:\Users\alex\Documents\PSoC Creator\FunWithLEDs\WS281xLib.cylib\B_WS2811_v1_3\B_WS2811_v1_3.v'.
Linking 'C:\Program Files (x86)\Cypress\PSoC Creator\4.4\PSoC Creator\warp\lib\common\cypress.v'.
Linking 'C:\Program Files (x86)\Cypress\PSoC Creator\4.4\PSoC Creator\warp\lib\common\cy_psoc3_inc.v'.
Linking 'C:\Program Files (x86)\Cypress\PSoC Creator\4.4\PSoC Creator\psoc\content\CyPrimitives\cyprimitives.cylib\CyControlReg_v1_80\CyControlReg_v1_80.v'.
Linking 'C:\Program Files (x86)\Cypress\PSoC Creator\4.4\PSoC Creator\warp\lib\common\stdlogic\cy_psoc3pkg.vif'.
Linking 'C:\Program Files (x86)\Cypress\PSoC Creator\4.4\PSoC Creator\warp\lib\common\stdlogic\cy_psoc3.vif'.
Linking 'C:\Program Files (x86)\Cypress\PSoC Creator\4.4\PSoC Creator\warp\lib\lcpsoc3\stdlogic\mod_cnst.vif'.
Linking 'C:\Program Files (x86)\Cypress\PSoC Creator\4.4\PSoC Creator\warp\lib\lcpsoc3\stdlogic\cpsoc3.vif'.

----------------------------------------------------------
Detecting unused logic.
----------------------------------------------------------
    User names
	\StripLights:demux_1:tmp__demux_1_1_reg\
	\StripLights:demux_1:tmp__demux_1_2_reg\
	\StripLights:demux_1:tmp__demux_1_3_reg\
	\StripLights:demux_1:tmp__demux_1_4_reg\
	\StripLights:demux_1:tmp__demux_1_5_reg\
	\StripLights:demux_1:tmp__demux_1_6_reg\
	\StripLights:demux_1:tmp__demux_1_7_reg\
	\StripLights:demux_1:tmp__demux_1_8_reg\
	\StripLights:demux_1:tmp__demux_1_9_reg\
	\StripLights:demux_1:tmp__demux_1_10_reg\
	\StripLights:demux_1:tmp__demux_1_11_reg\
	\StripLights:demux_1:tmp__demux_1_12_reg\
	\StripLights:demux_1:tmp__demux_1_13_reg\
	\StripLights:demux_1:tmp__demux_1_14_reg\
	\StripLights:demux_1:tmp__demux_1_15_reg\
	Net_6
	Net_7
	Net_8
	Net_9
	Net_10
	Net_11
	Net_12
	Net_13
	Net_14
	Net_15
	Net_16
	Net_17
	Net_18
	Net_19
	Net_20
	\StripLights:B_WS2811:npwmTC\
	\StripLights:B_WS2811:restart\
	\StripLights:Net_8\
	\StripLights:B_WS2811:MODULE_1:g2:a0:b_2\
	\StripLights:B_WS2811:MODULE_1:g2:a0:b_1\
	\StripLights:B_WS2811:MODULE_1:g2:a0:b_0\
	\StripLights:Net_21\
	\StripLights:StringSel:control_out_4\
	\StripLights:Net_22\
	\StripLights:StringSel:control_out_5\
	\StripLights:Net_23\
	\StripLights:StringSel:control_out_6\
	\StripLights:Net_24\
	\StripLights:StringSel:control_out_7\


Deleted 44 User equations/components.
Deleted 0 Synthesized equations/components.

------------------------------------------------------
Alias Detection
------------------------------------------------------
Aliasing zero to \StripLights:Net_7\
Aliasing \StripLights:B_WS2811:status_5\ to \StripLights:Net_7\
Aliasing \StripLights:B_WS2811:status_4\ to \StripLights:Net_7\
Aliasing \StripLights:B_WS2811:status_3\ to \StripLights:Net_7\
Aliasing \StripLights:B_WS2811:status_2\ to \StripLights:Net_7\
Aliasing \StripLights:B_WS2811:dataOut\\S\ to \StripLights:Net_7\
Aliasing \StripLights:B_WS2811:xferCmpt\\R\ to \StripLights:B_WS2811:dataOut\\R\
Aliasing \StripLights:B_WS2811:xferCmpt\\S\ to \StripLights:Net_7\
Aliasing \StripLights:B_WS2811:bitCount_2\\R\ to \StripLights:B_WS2811:dataOut\\R\
Aliasing \StripLights:B_WS2811:bitCount_2\\S\ to \StripLights:Net_7\
Aliasing \StripLights:B_WS2811:state_1\\R\ to \StripLights:B_WS2811:dataOut\\R\
Aliasing \StripLights:B_WS2811:state_1\\S\ to \StripLights:Net_7\
Aliasing \StripLights:B_WS2811:state_0\\R\ to \StripLights:B_WS2811:dataOut\\R\
Aliasing \StripLights:B_WS2811:state_0\\S\ to \StripLights:Net_7\
Aliasing \StripLights:B_WS2811:bitCount_1\\R\ to \StripLights:B_WS2811:dataOut\\R\
Aliasing \StripLights:B_WS2811:bitCount_1\\S\ to \StripLights:Net_7\
Aliasing \StripLights:B_WS2811:bitCount_0\\R\ to \StripLights:B_WS2811:dataOut\\R\
Aliasing \StripLights:B_WS2811:bitCount_0\\S\ to \StripLights:Net_7\
Aliasing \StripLights:B_WS2811:dpAddr_1\\R\ to \StripLights:B_WS2811:dataOut\\R\
Aliasing \StripLights:B_WS2811:dpAddr_1\\S\ to \StripLights:Net_7\
Aliasing \StripLights:B_WS2811:dpAddr_0\\R\ to \StripLights:B_WS2811:dataOut\\R\
Aliasing \StripLights:B_WS2811:dpAddr_0\\S\ to \StripLights:Net_7\
Aliasing \StripLights:B_WS2811:pwmCntl\\R\ to \StripLights:Net_7\
Aliasing \StripLights:B_WS2811:pwmCntl\\S\ to \StripLights:B_WS2811:dataOut\\R\
Aliasing \StripLights:B_WS2811:dshifter:cs_addr_2\ to \StripLights:Net_7\
Aliasing \StripLights:B_WS2811:pwm8:cs_addr_2\ to \StripLights:Net_7\
Aliasing \StripLights:StringSel:clk\ to \StripLights:Net_7\
Aliasing \StripLights:StringSel:rst\ to \StripLights:Net_7\
Aliasing tmpOE__S0_net_0 to \StripLights:B_WS2811:MODULE_1:g2:a0:g1:z1:s0:g1:u0:b_0\
Aliasing one to \StripLights:B_WS2811:MODULE_1:g2:a0:g1:z1:s0:g1:u0:b_0\
Aliasing tmpOE__SW1_net_0 to \StripLights:B_WS2811:MODULE_1:g2:a0:g1:z1:s0:g1:u0:b_0\
Removing Rhs of wire \StripLights:saddr_3\[8] = \StripLights:StringSel:control_out_3\[198]
Removing Rhs of wire \StripLights:saddr_3\[8] = \StripLights:StringSel:control_3\[212]
Removing Rhs of wire \StripLights:saddr_2\[9] = \StripLights:StringSel:control_out_2\[197]
Removing Rhs of wire \StripLights:saddr_2\[9] = \StripLights:StringSel:control_2\[213]
Removing Rhs of wire \StripLights:saddr_1\[10] = \StripLights:StringSel:control_out_1\[196]
Removing Rhs of wire \StripLights:saddr_1\[10] = \StripLights:StringSel:control_1\[214]
Removing Rhs of wire \StripLights:saddr_0\[11] = \StripLights:StringSel:control_out_0\[195]
Removing Rhs of wire \StripLights:saddr_0\[11] = \StripLights:StringSel:control_0\[215]
Removing Rhs of wire \StripLights:Net_64\[12] = \StripLights:B_WS2811:dataOut\[50]
Removing Rhs of wire Net_24[28] = \StripLights:demux_1:tmp__demux_1_0_reg\[7]
Removing Rhs of wire zero[52] = \StripLights:Net_7\[4]
Removing Rhs of wire \StripLights:B_WS2811:status_7\[63] = \StripLights:B_WS2811:enable\[71]
Removing Lhs of wire \StripLights:B_WS2811:status_7\[63] = \StripLights:B_WS2811:control_0\[60]
Removing Rhs of wire \StripLights:B_WS2811:status_6\[64] = \StripLights:B_WS2811:xferCmpt\[79]
Removing Lhs of wire \StripLights:B_WS2811:status_5\[65] = zero[52]
Removing Lhs of wire \StripLights:B_WS2811:status_4\[66] = zero[52]
Removing Lhs of wire \StripLights:B_WS2811:status_3\[67] = zero[52]
Removing Lhs of wire \StripLights:B_WS2811:status_2\[68] = zero[52]
Removing Rhs of wire \StripLights:B_WS2811:status_1\[69] = \StripLights:B_WS2811:fifoNotFull\[78]
Removing Rhs of wire \StripLights:B_WS2811:status_0\[70] = \StripLights:B_WS2811:fifoEmpty\[77]
Removing Lhs of wire \StripLights:B_WS2811:fifo_irq_en\[74] = \StripLights:B_WS2811:control_3\[57]
Removing Lhs of wire \StripLights:B_WS2811:xfrCmpt_irq_en\[75] = \StripLights:B_WS2811:control_4\[56]
Removing Lhs of wire \StripLights:B_WS2811:next_row\[76] = \StripLights:B_WS2811:control_5\[55]
Removing Lhs of wire \StripLights:B_WS2811:add_vv_vv_MODGEN_1_2\[84] = \StripLights:B_WS2811:MODULE_1:g2:a0:s_2\[184]
Removing Lhs of wire \StripLights:B_WS2811:add_vv_vv_MODGEN_1_1\[86] = \StripLights:B_WS2811:MODULE_1:g2:a0:s_1\[185]
Removing Lhs of wire \StripLights:B_WS2811:add_vv_vv_MODGEN_1_0\[88] = \StripLights:B_WS2811:MODULE_1:g2:a0:s_0\[186]
Removing Lhs of wire \StripLights:B_WS2811:dataOut\\R\[93] = zero[52]
Removing Lhs of wire \StripLights:B_WS2811:dataOut\\S\[94] = zero[52]
Removing Lhs of wire \StripLights:B_WS2811:xferCmpt\\R\[95] = zero[52]
Removing Lhs of wire \StripLights:B_WS2811:xferCmpt\\S\[96] = zero[52]
Removing Lhs of wire \StripLights:B_WS2811:bitCount_2\\R\[97] = zero[52]
Removing Lhs of wire \StripLights:B_WS2811:bitCount_2\\S\[98] = zero[52]
Removing Lhs of wire \StripLights:B_WS2811:state_1\\R\[99] = zero[52]
Removing Lhs of wire \StripLights:B_WS2811:state_1\\S\[100] = zero[52]
Removing Lhs of wire \StripLights:B_WS2811:state_0\\R\[101] = zero[52]
Removing Lhs of wire \StripLights:B_WS2811:state_0\\S\[102] = zero[52]
Removing Lhs of wire \StripLights:B_WS2811:bitCount_1\\R\[103] = zero[52]
Removing Lhs of wire \StripLights:B_WS2811:bitCount_1\\S\[104] = zero[52]
Removing Lhs of wire \StripLights:B_WS2811:bitCount_0\\R\[105] = zero[52]
Removing Lhs of wire \StripLights:B_WS2811:bitCount_0\\S\[106] = zero[52]
Removing Lhs of wire \StripLights:B_WS2811:dpAddr_1\\R\[107] = zero[52]
Removing Lhs of wire \StripLights:B_WS2811:dpAddr_1\\S\[108] = zero[52]
Removing Lhs of wire \StripLights:B_WS2811:dpAddr_0\\R\[109] = zero[52]
Removing Lhs of wire \StripLights:B_WS2811:dpAddr_0\\S\[110] = zero[52]
Removing Lhs of wire \StripLights:B_WS2811:pwmCntl\\R\[111] = zero[52]
Removing Lhs of wire \StripLights:B_WS2811:pwmCntl\\S\[112] = zero[52]
Removing Lhs of wire \StripLights:B_WS2811:dshifter:cs_addr_2\[114] = zero[52]
Removing Lhs of wire \StripLights:B_WS2811:pwm8:cs_addr_2\[145] = zero[52]
Removing Lhs of wire \StripLights:B_WS2811:MODULE_1:g2:a0:a_2\[175] = \StripLights:B_WS2811:MODIN1_2\[176]
Removing Lhs of wire \StripLights:B_WS2811:MODIN1_2\[176] = \StripLights:B_WS2811:bitCount_2\[81]
Removing Lhs of wire \StripLights:B_WS2811:MODULE_1:g2:a0:a_1\[177] = \StripLights:B_WS2811:MODIN1_1\[178]
Removing Lhs of wire \StripLights:B_WS2811:MODIN1_1\[178] = \StripLights:B_WS2811:bitCount_1\[85]
Removing Lhs of wire \StripLights:B_WS2811:MODULE_1:g2:a0:a_0\[179] = \StripLights:B_WS2811:MODIN1_0\[180]
Removing Lhs of wire \StripLights:B_WS2811:MODIN1_0\[180] = \StripLights:B_WS2811:bitCount_0\[87]
Removing Rhs of wire \StripLights:B_WS2811:MODULE_1:g2:a0:g1:z1:s0:g1:u0:c_0\[189] = \StripLights:B_WS2811:MODULE_1:g2:a0:g1:z1:s0:g1:u0:b_0\[190]
Removing Lhs of wire \StripLights:StringSel:clk\[193] = zero[52]
Removing Lhs of wire \StripLights:StringSel:rst\[194] = zero[52]
Removing Rhs of wire tmpOE__S0_net_0[219] = \StripLights:B_WS2811:MODULE_1:g2:a0:g1:z1:s0:g1:u0:c_0\[189]
Removing Lhs of wire one[223] = tmpOE__S0_net_0[219]
Removing Lhs of wire tmpOE__SW1_net_0[230] = tmpOE__S0_net_0[219]

------------------------------------------------------
Aliased 0 equations, 60 wires.
------------------------------------------------------

----------------------------------------------------------
Circuit simplification
----------------------------------------------------------

Substituting virtuals - pass 1:

Note:  Expanding virtual equation for '\StripLights:B_WS2811:zeroBit\' (cost = 0):
\StripLights:B_WS2811:zeroBit\ <= (not \StripLights:B_WS2811:zeroCmp\);

Note:  Expanding virtual equation for '\StripLights:B_WS2811:oneBit\' (cost = 0):
\StripLights:B_WS2811:oneBit\ <= (not \StripLights:B_WS2811:oneCmp\);

Note:  Expanding virtual equation for 'tmpOE__S0_net_0' (cost = 0):
tmpOE__S0_net_0 <=  ('1') ;


Substituting virtuals - pass 2:

Note:  Expanding virtual equation for '\StripLights:B_WS2811:MODULE_1:g2:a0:g1:z1:s0:g1:u0:c_1\' (cost = 0):
\StripLights:B_WS2811:MODULE_1:g2:a0:g1:z1:s0:g1:u0:c_1\ <= (\StripLights:B_WS2811:bitCount_0\);

Note:  Expanding virtual equation for '\StripLights:B_WS2811:MODULE_1:g2:a0:s_0\' (cost = 0):
\StripLights:B_WS2811:MODULE_1:g2:a0:s_0\ <= (not \StripLights:B_WS2811:bitCount_0\);


Substituting virtuals - pass 3:

Note:  Expanding virtual equation for '\StripLights:B_WS2811:MODULE_1:g2:a0:g1:z1:s0:g1:u0:c_2\' (cost = 3):
\StripLights:B_WS2811:MODULE_1:g2:a0:g1:z1:s0:g1:u0:c_2\ <= ((\StripLights:B_WS2811:bitCount_1\ and \StripLights:B_WS2811:bitCount_0\));

Note:  Expanding virtual equation for '\StripLights:B_WS2811:MODULE_1:g2:a0:s_1\' (cost = 8):
\StripLights:B_WS2811:MODULE_1:g2:a0:s_1\ <= ((not \StripLights:B_WS2811:bitCount_0\ and \StripLights:B_WS2811:bitCount_1\)
	OR (not \StripLights:B_WS2811:bitCount_1\ and \StripLights:B_WS2811:bitCount_0\));


Substituting virtuals - pass 4:

Note:  Expanding virtual equation for '\StripLights:B_WS2811:MODULE_1:g2:a0:s_2\' (cost = 48):
\StripLights:B_WS2811:MODULE_1:g2:a0:s_2\ <= ((not \StripLights:B_WS2811:bitCount_1\ and \StripLights:B_WS2811:bitCount_2\)
	OR (not \StripLights:B_WS2811:bitCount_0\ and \StripLights:B_WS2811:bitCount_2\)
	OR (not \StripLights:B_WS2811:bitCount_2\ and \StripLights:B_WS2811:bitCount_1\ and \StripLights:B_WS2811:bitCount_0\));


Substituting virtuals - pass 5:


----------------------------------------------------------
Circuit simplification results:

	Expanded 8 signals.
	Turned 0 signals into soft nodes.
	Maximum default expansion cost was set at 3.
----------------------------------------------------------

------------------------------------------------------
Alias Detection
------------------------------------------------------

------------------------------------------------------
Aliased 0 equations, 0 wires.
------------------------------------------------------

Last attempt to remove unused logic - pass 1:


Last attempt to remove unused logic - pass 2:


topld:  No errors.

CYPRESS_DIR    : C:\Program Files (x86)\Cypress\PSoC Creator\4.4\PSoC Creator\warp
Warp Program   : C:\Program Files (x86)\Cypress\PSoC Creator\4.4\PSoC Creator\warp\bin\warp.exe
Warp Arguments : -yv2 -q10 -ygs -o2 -v3 -.fftcfgtype=LE -ya "-.fftprj=C:\Users\alex\Documents\PSoC Creator\FunWithLEDs\Library_example.cydsn\Library_example.cyprj" -dcpsoc3 Library_example.v -verilog
</CYPRESSTAG>
Warp synthesis phase: Elapsed time ==> 0s.966ms
<CYPRESSTAG name="Fitter results...">
<CYPRESSTAG name="Fitter startup details...">
cyp3fit: V4.4.0.80, Family: PSoC3, Started at: Thursday, 03 December 2020 16:45:08
Options: -yv2 -q10 -ygs -o2 -v3 -.fftcfgtype=LE -ya -.fftprj=C:\Users\alex\Documents\PSoC Creator\FunWithLEDs\Library_example.cydsn\Library_example.cyprj -d CY8C4248LQI-BL583 Library_example.v -verilog
</CYPRESSTAG>
<CYPRESSTAG name="Design parsing">
Design parsing phase: Elapsed time ==> 0s.019ms
</CYPRESSTAG>
<CYPRESSTAG name="Tech Mapping">
<CYPRESSTAG name="Initial Mapping" icon="FILE_RPT_TECHM">
<CYPRESSTAG name="Global Clock Selection" icon="FILE_RPT_TECHM">
    Digital Clock 0: Automatic-assigning  clock 'StripLights_Clock_1'. Fanout=12, Signal=\StripLights:Net_18_digital\
<CYPRESSTAG name="UDB Clock/Enable Remapping Results">
</CYPRESSTAG>
</CYPRESSTAG>

Removing unused cells resulting from optimization
Done removing unused cells.
<CYPRESSTAG name="Duplicate Macrocell detection">
</CYPRESSTAG>
</CYPRESSTAG>
<CYPRESSTAG name="Duplicate Macrocell detection">
</CYPRESSTAG>
<CYPRESSTAG name="Design Equations" icon="FILE_RPT_EQUATION">

------------------------------------------------------------
Design Equations
------------------------------------------------------------
    <CYPRESSTAG name="Pin listing">

    ------------------------------------------------------------
    Pin listing
    ------------------------------------------------------------

    Pin : Name = S0(0)
        Attributes:
            In Group/Port: True
            In Sync Option: AUTO
            Out Sync Option: NOSYNC
            Interrupt generated: False
            Interrupt mode: NONE
            Drive mode: CMOS_OUT
            VTrip: EITHER
            Slew: FAST
            Input Sync needed: False
            Output Sync needed: False
            SC shield enabled: False
            POR State: ANY
            LCD Mode: COMMON
            Register Mode: RegComb
            CaSense Mode: NEITHER
            Treat as pin: True
            Is OE Registered: False
            Uses Analog: False
            Can contain Digital: True
            Is SIO: False
            SIO Output Buf: NONREGULATED
            SIO Input Buf: SINGLE_ENDED
            SIO HiFreq: LOW
            SIO Hyst: DISABLED
            SIO Vtrip: MULTIPLIER_0_5
            SIO Multiplier Index: 0
            SIO RefSel: VCC_IO
            Required Capabilities: DIGITAL, ROUTABLE
            Initial Value: 1
            IO Voltage: 0
        PORT MAP (
            pa_out => S0(0)__PA ,
            pin_input => Net_24 ,
            annotation => Net_1 ,
            pad => S0(0)_PAD );
        Properties:
        {
        }

    Pin : Name = SW1(0)
        Attributes:
            In Group/Port: True
            In Sync Option: NOSYNC
            Out Sync Option: AUTO
            Interrupt generated: False
            Interrupt mode: NONE
            Drive mode: RES_PULL_UP
            VTrip: CMOS
            Slew: FAST
            Input Sync needed: False
            Output Sync needed: False
            SC shield enabled: False
            POR State: ANY
            LCD Mode: COMMON
            Register Mode: RegComb
            CaSense Mode: NEITHER
            Treat as pin: True
            Is OE Registered: False
            Uses Analog: False
            Can contain Digital: True
            Is SIO: False
            SIO Output Buf: NONREGULATED
            SIO Input Buf: SINGLE_ENDED
            SIO HiFreq: LOW
            SIO Hyst: DISABLED
            SIO Vtrip: MULTIPLIER_0_5
            SIO Multiplier Index: 0
            SIO RefSel: VCC_IO
            Required Capabilities: DIGITAL
            Initial Value: 1
            IO Voltage: 0
        PORT MAP (
            pa_out => SW1(0)__PA ,
            annotation => Net_29 ,
            pad => SW1(0)_PAD );
        Properties:
        {
        }
    </CYPRESSTAG>
    <CYPRESSTAG name="Macrocell listing" icon="FILE_RPT_EQUATION">

    ------------------------------------------------------------
    Macrocell listing
    ------------------------------------------------------------

    MacroCell: Name=Net_24, Mode=(Combinatorial)
        Total # of inputs        : 5
        Total # of product terms : 1
            Clock Enable: True
        Main Equation            : 1 pterm
        (
              !\StripLights:saddr_3\ * !\StripLights:saddr_2\ * 
              !\StripLights:saddr_1\ * !\StripLights:saddr_0\ * 
              \StripLights:Net_64\
        );
        Output = Net_24 (fanout=1)

    MacroCell: Name=\StripLights:Net_159\, Mode=(Combinatorial)
        Total # of inputs        : 3
        Total # of product terms : 1
            Clock Enable: True
        Main Equation            : 1 pterm
        (
              \StripLights:B_WS2811:control_3\ * 
              \StripLights:B_WS2811:control_0\ * 
              \StripLights:B_WS2811:status_0\
        );
        Output = \StripLights:Net_159\ (fanout=1)

    MacroCell: Name=Net_4, Mode=(Combinatorial)
        Total # of inputs        : 3
        Total # of product terms : 1
            Clock Enable: True
        Main Equation            : 1 pterm
        (
              \StripLights:B_WS2811:control_4\ * 
              \StripLights:B_WS2811:control_0\ * 
              \StripLights:B_WS2811:status_6\
        );
        Output = Net_4 (fanout=1)

    MacroCell: Name=\StripLights:Net_64\, Mode=(D-Register)
        Total # of inputs        : 5
        Total # of product terms : 3
        List of special equations: 
            Clock  = (\StripLights:Net_18_digital\) => Global
            Clock Enable: True
        Main Equation            : 3 pterms
        (
              !\StripLights:B_WS2811:zeroCmp\ * 
              \StripLights:B_WS2811:state_1\ * 
              !\StripLights:B_WS2811:state_0\ * 
              !\StripLights:B_WS2811:shiftOut\
            + !\StripLights:B_WS2811:oneCmp\ * \StripLights:B_WS2811:state_1\ * 
              !\StripLights:B_WS2811:state_0\ * 
              \StripLights:B_WS2811:shiftOut\
            + !\StripLights:B_WS2811:state_1\ * 
              \StripLights:B_WS2811:state_0\
        );
        Output = \StripLights:Net_64\ (fanout=1)

    MacroCell: Name=\StripLights:B_WS2811:status_6\, Mode=(D-Register)
        Total # of inputs        : 2
        Total # of product terms : 1
        List of special equations: 
            Clock  = (\StripLights:Net_18_digital\) => Global
            Clock Enable: True
        Main Equation            : 1 pterm
        (
              \StripLights:B_WS2811:state_1\ * \StripLights:B_WS2811:state_0\
        );
        Output = \StripLights:B_WS2811:status_6\ (fanout=2)

    MacroCell: Name=\StripLights:B_WS2811:bitCount_2\, Mode=(T-Register)
        Total # of inputs        : 6
        Total # of product terms : 2
        List of special equations: 
            Clock  = (\StripLights:Net_18_digital\) => Global
            Clock Enable: True
        Main Equation            : 2 pterms
        (
              \StripLights:B_WS2811:pwmTC\ * \StripLights:B_WS2811:state_1\ * 
              !\StripLights:B_WS2811:state_0\ * 
              \StripLights:B_WS2811:bitCount_1\ * 
              \StripLights:B_WS2811:bitCount_0\
            + \StripLights:B_WS2811:bitCount_2\ * 
              !\StripLights:B_WS2811:state_1\
        );
        Output = \StripLights:B_WS2811:bitCount_2\ (fanout=4)

    MacroCell: Name=\StripLights:B_WS2811:state_1\, Mode=(D-Register)
        Total # of inputs        : 9
        Total # of product terms : 3
        List of special equations: 
            Clock  = (\StripLights:Net_18_digital\) => Global
            Clock Enable: True
        Main Equation            : 3 pterms
        !(
              \StripLights:B_WS2811:pwmTC\ * \StripLights:B_WS2811:control_0\ * 
              !\StripLights:B_WS2811:status_0\ * 
              \StripLights:B_WS2811:bitCount_2\ * 
              !\StripLights:B_WS2811:state_0\ * 
              \StripLights:B_WS2811:bitCount_1\ * 
              \StripLights:B_WS2811:bitCount_0\
            + \StripLights:B_WS2811:control_5\ * 
              \StripLights:B_WS2811:state_1\ * \StripLights:B_WS2811:state_0\
            + !\StripLights:B_WS2811:state_1\ * 
              !\StripLights:B_WS2811:state_0\
        );
        Output = \StripLights:B_WS2811:state_1\ (fanout=10)

    MacroCell: Name=\StripLights:B_WS2811:state_0\, Mode=(D-Register)
        Total # of inputs        : 9
        Total # of product terms : 3
        List of special equations: 
            Clock  = (\StripLights:Net_18_digital\) => Global
            Clock Enable: True
        Main Equation            : 3 pterms
        (
              \StripLights:B_WS2811:pwmTC\ * 
              \StripLights:B_WS2811:bitCount_2\ * 
              \StripLights:B_WS2811:state_1\ * 
              !\StripLights:B_WS2811:state_0\ * 
              \StripLights:B_WS2811:bitCount_1\ * 
              \StripLights:B_WS2811:bitCount_0\
            + !\StripLights:B_WS2811:control_5\ * 
              \StripLights:B_WS2811:state_1\ * \StripLights:B_WS2811:state_0\
            + \StripLights:B_WS2811:control_0\ * 
              !\StripLights:B_WS2811:status_0\ * 
              !\StripLights:B_WS2811:state_1\ * 
              !\StripLights:B_WS2811:state_0\
        );
        Output = \StripLights:B_WS2811:state_0\ (fanout=10)

    MacroCell: Name=\StripLights:B_WS2811:bitCount_1\, Mode=(T-Register)
        Total # of inputs        : 5
        Total # of product terms : 2
        List of special equations: 
            Clock  = (\StripLights:Net_18_digital\) => Global
            Clock Enable: True
        Main Equation            : 2 pterms
        (
              \StripLights:B_WS2811:pwmTC\ * \StripLights:B_WS2811:state_1\ * 
              !\StripLights:B_WS2811:state_0\ * 
              \StripLights:B_WS2811:bitCount_0\
            + !\StripLights:B_WS2811:state_1\ * 
              \StripLights:B_WS2811:bitCount_1\
        );
        Output = \StripLights:B_WS2811:bitCount_1\ (fanout=5)

    MacroCell: Name=\StripLights:B_WS2811:bitCount_0\, Mode=(T-Register)
        Total # of inputs        : 4
        Total # of product terms : 2
        List of special equations: 
            Clock  = (\StripLights:Net_18_digital\) => Global
            Clock Enable: True
        Main Equation            : 2 pterms
        (
              \StripLights:B_WS2811:pwmTC\ * \StripLights:B_WS2811:state_1\ * 
              !\StripLights:B_WS2811:state_0\
            + !\StripLights:B_WS2811:state_1\ * 
              \StripLights:B_WS2811:bitCount_0\
        );
        Output = \StripLights:B_WS2811:bitCount_0\ (fanout=6)

    MacroCell: Name=\StripLights:B_WS2811:dpAddr_1\, Mode=(D-Register)
        Total # of inputs        : 7
        Total # of product terms : 4
        List of special equations: 
            Clock  = (\StripLights:Net_18_digital\) => Global
            Clock Enable: True
        Main Equation            : 4 pterms
        (
              \StripLights:B_WS2811:pwmTC\ * 
              !\StripLights:B_WS2811:bitCount_2\ * 
              \StripLights:B_WS2811:state_1\ * 
              !\StripLights:B_WS2811:state_0\
            + \StripLights:B_WS2811:pwmTC\ * \StripLights:B_WS2811:state_1\ * 
              !\StripLights:B_WS2811:state_0\ * 
              !\StripLights:B_WS2811:bitCount_1\
            + \StripLights:B_WS2811:pwmTC\ * \StripLights:B_WS2811:state_1\ * 
              !\StripLights:B_WS2811:state_0\ * 
              !\StripLights:B_WS2811:bitCount_0\
            + \StripLights:B_WS2811:state_1\ * \StripLights:B_WS2811:state_0\ * 
              \StripLights:B_WS2811:dpAddr_1\
        );
        Output = \StripLights:B_WS2811:dpAddr_1\ (fanout=2)

    MacroCell: Name=\StripLights:B_WS2811:dpAddr_0\, Mode=(D-Register)
        Total # of inputs        : 3
        Total # of product terms : 2
        List of special equations: 
            Clock  = (\StripLights:Net_18_digital\) => Global
            Clock Enable: True
        Main Equation            : 2 pterms
        (
              !\StripLights:B_WS2811:state_1\ * 
              \StripLights:B_WS2811:state_0\
            + \StripLights:B_WS2811:state_0\ * 
              \StripLights:B_WS2811:dpAddr_0\
        );
        Output = \StripLights:B_WS2811:dpAddr_0\ (fanout=2)

    MacroCell: Name=\StripLights:B_WS2811:pwmCntl\, Mode=(D-Register)
        Total # of inputs        : 5
        Total # of product terms : 3
        List of special equations: 
            Clock  = (\StripLights:Net_18_digital\) => Global
            Clock Enable: True
        Main Equation            : 3 pterms
        !(
              \StripLights:B_WS2811:control_0\ * 
              !\StripLights:B_WS2811:status_0\ * 
              !\StripLights:B_WS2811:state_0\
            + \StripLights:B_WS2811:state_1\ * 
              !\StripLights:B_WS2811:state_0\
            + \StripLights:B_WS2811:state_1\ * 
              !\StripLights:B_WS2811:pwmCntl\
        );
        Output = \StripLights:B_WS2811:pwmCntl\ (fanout=2)
    </CYPRESSTAG>
    <CYPRESSTAG name="Datapath listing">

    ------------------------------------------------------------
    Datapath listing
    ------------------------------------------------------------

    datapathcell: Name =\StripLights:B_WS2811:dshifter:u0\
        PORT MAP (
            clock => \StripLights:Net_18_digital\ ,
            cs_addr_1 => \StripLights:B_WS2811:dpAddr_1\ ,
            cs_addr_0 => \StripLights:B_WS2811:dpAddr_0\ ,
            so_comb => \StripLights:B_WS2811:shiftOut\ ,
            f0_bus_stat_comb => \StripLights:B_WS2811:status_1\ ,
            f0_blk_stat_comb => \StripLights:B_WS2811:status_0\ );
        Properties:
        {
            a0_init = "00000000"
            a1_init = "00000000"
            ce0_sync = 1
            ce1_sync = 1
            cl0_sync = 1
            cl1_sync = 1
            cmsb_sync = 1
            co_msb_sync = 1
            cy_dpconfig = "0000000000000000000000001100000000000001010000000000000000000000000000000000000000000000000000000000000000000000000000000000000011111111000000001111111111111111000000000000000000000000000000000000000000000000"
            d0_init = "00000000"
            d1_init = "00000000"
            f0_blk_sync = 1
            f0_bus_sync = 1
            f1_blk_sync = 1
            f1_bus_sync = 1
            ff0_sync = 1
            ff1_sync = 1
            ov_msb_sync = 1
            so_sync = 1
            z0_sync = 1
            z1_sync = 1
        }
        Clock Polarity: Active High
        Clock Enable: True

    datapathcell: Name =\StripLights:B_WS2811:pwm8:u0\
        PORT MAP (
            clock => \StripLights:Net_18_digital\ ,
            cs_addr_1 => \StripLights:B_WS2811:pwmCntl\ ,
            cs_addr_0 => \StripLights:B_WS2811:pwmTC\ ,
            cl0_comb => \StripLights:B_WS2811:zeroCmp\ ,
            z0_comb => \StripLights:B_WS2811:pwmTC\ ,
            cl1_comb => \StripLights:B_WS2811:oneCmp\ );
        Properties:
        {
            a0_init = "00011000"
            a1_init = "00011000"
            ce0_sync = 1
            ce1_sync = 1
            cl0_sync = 1
            cl1_sync = 1
            cmsb_sync = 1
            co_msb_sync = 1
            cy_dpconfig = "0100000001000000000000001100000000000000110000000000000011000000000000000000000000000000000000000000000000000000000000000000000011111111000000001111111111111111101000000000000000000000000000000000000000000000"
            d0_init = "00010100"
            d1_init = "00001100"
            f0_blk_sync = 1
            f0_bus_sync = 1
            f1_blk_sync = 1
            f1_bus_sync = 1
            ff0_sync = 1
            ff1_sync = 1
            ov_msb_sync = 1
            so_sync = 1
            z0_sync = 1
            z1_sync = 1
        }
        Clock Polarity: Active High
        Clock Enable: True
    </CYPRESSTAG>
    <CYPRESSTAG name="Status register listing">

    ------------------------------------------------------------
    Status register listing
    ------------------------------------------------------------

    statuscell: Name =\StripLights:B_WS2811:StatusReg\
        PORT MAP (
            status_7 => \StripLights:B_WS2811:control_0\ ,
            status_6 => \StripLights:B_WS2811:status_6\ ,
            status_1 => \StripLights:B_WS2811:status_1\ ,
            status_0 => \StripLights:B_WS2811:status_0\ );
        Properties:
        {
            cy_force_order = 1
            cy_md_select = "00000000"
        }
        Clock Enable: True
    </CYPRESSTAG>
    <CYPRESSTAG name="StatusI register listing">
    </CYPRESSTAG>
    <CYPRESSTAG name="Sync listing">
    </CYPRESSTAG>
    <CYPRESSTAG name="Control register listing">

    ------------------------------------------------------------
    Control register listing
    ------------------------------------------------------------

    controlcell: Name =\StripLights:B_WS2811:ctrl\
        PORT MAP (
            control_7 => \StripLights:B_WS2811:control_7\ ,
            control_6 => \StripLights:B_WS2811:control_6\ ,
            control_5 => \StripLights:B_WS2811:control_5\ ,
            control_4 => \StripLights:B_WS2811:control_4\ ,
            control_3 => \StripLights:B_WS2811:control_3\ ,
            control_2 => \StripLights:B_WS2811:control_2\ ,
            control_1 => \StripLights:B_WS2811:control_1\ ,
            control_0 => \StripLights:B_WS2811:control_0\ );
        Properties:
        {
            cy_ctrl_mode_0 = "00000000"
            cy_ctrl_mode_1 = "00000000"
            cy_ext_reset = 0
            cy_force_order = 1
            cy_init_value = "00000000"
        }
        Clock Enable: True

    controlcell: Name =\StripLights:StringSel:Sync:ctrl_reg\
        PORT MAP (
            control_7 => \StripLights:StringSel:control_7\ ,
            control_6 => \StripLights:StringSel:control_6\ ,
            control_5 => \StripLights:StringSel:control_5\ ,
            control_4 => \StripLights:StringSel:control_4\ ,
            control_3 => \StripLights:saddr_3\ ,
            control_2 => \StripLights:saddr_2\ ,
            control_1 => \StripLights:saddr_1\ ,
            control_0 => \StripLights:saddr_0\ );
        Properties:
        {
            cy_ctrl_mode_0 = "00000000"
            cy_ctrl_mode_1 = "00000000"
            cy_ext_reset = 0
            cy_force_order = 1
            cy_init_value = "00000000"
        }
        Clock Enable: True
    </CYPRESSTAG>
    <CYPRESSTAG name="Count7 listing">
    </CYPRESSTAG>
    <CYPRESSTAG name="DRQ listing">
    </CYPRESSTAG>
    <CYPRESSTAG name="Interrupt listing">

    ------------------------------------------------------------
    Interrupt listing
    ------------------------------------------------------------

    interrupt: Name =\StripLights:fisr\
        PORT MAP (
            interrupt => \StripLights:Net_159\ );
        Properties:
        {
            int_type = "00"
            is_nmi = 0
        }

    interrupt: Name =\StripLights:cisr\
        PORT MAP (
            interrupt => Net_4 );
        Properties:
        {
            int_type = "00"
            is_nmi = 0
        }
    </CYPRESSTAG>
</CYPRESSTAG>
<CYPRESSTAG name="Technology mapping summary" expanded>

------------------------------------------------------------
Technology mapping summary
------------------------------------------------------------

Resource Type                 : Used : Free :  Max :  % Used
============================================================
Digital Clocks                :    1 :    3 :    4 : 25.00 %
Interrupts                    :    2 :   30 :   32 :  6.25 %
IO                            :    6 :   32 :   38 : 15.79 %
Segment LCD                   :    0 :    1 :    1 :  0.00 %
CapSense                      :    0 :    1 :    1 :  0.00 %
Die Temp                      :    0 :    1 :    1 :  0.00 %
Serial Communication (SCB)    :    0 :    2 :    2 :  0.00 %
BLE                           :    0 :    1 :    1 :  0.00 %
DMA Channels                  :    0 :    8 :    8 :  0.00 %
Timer/Counter/PWM             :    0 :    4 :    4 :  0.00 %
UDB                           :      :      :      :        
  Macrocells                  :   13 :   19 :   32 : 40.63 %
  Unique P-terms              :   27 :   37 :   64 : 42.19 %
  Total P-terms               :   28 :      :      :        
  Datapath Cells              :    2 :    2 :    4 : 50.00 %
  Status Cells                :    1 :    3 :    4 : 25.00 %
    Status Registers          :    1 :      :      :        
  Control Cells               :    2 :    2 :    4 : 50.00 %
    Control Registers         :    2 :      :      :        
Comparator/Opamp              :    0 :    4 :    4 :  0.00 %
LP Comparator                 :    0 :    2 :    2 :  0.00 %
SAR ADC                       :    0 :    1 :    1 :  0.00 %
DAC                           :      :      :      :        
  7-bit IDAC                  :    0 :    1 :    1 :  0.00 %
  8-bit IDAC                  :    0 :    1 :    1 :  0.00 %
</CYPRESSTAG>
Technology Mapping: Elapsed time ==> 0s.098ms
Tech Mapping phase: Elapsed time ==> 0s.175ms
</CYPRESSTAG>
<CYPRESSTAG name="Analog Placement">
<CYPRESSTAG name="FFB & IO Pre Placement">
<CYPRESSTAG name="Placement" icon="FILE_RPT_PLACEMENT">

Cell                                : Block                              
=========================================================================
S0(0)                               : [IOP=(2)][IoId=(1)]                
SW1(0)                              : [IOP=(2)][IoId=(7)]                
ClockGenBlock                       : CLK_GEN_[FFB(CLK_GEN,0)]           

</CYPRESSTAG>
</CYPRESSTAG>
<CYPRESSTAG name="Real Analog Placement">
Elapsed time ==> 0.2209155s
</CYPRESSTAG>
Analog Placement phase: Elapsed time ==> 0s.662ms
</CYPRESSTAG>
<CYPRESSTAG name="Analog Routing">
<CYPRESSTAG name="Analog Routing">
Route success=True, Iterations=1 Elapsed=0.0007617 secs
</CYPRESSTAG>
Analog Routing phase: Elapsed time ==> 0s.039ms
</CYPRESSTAG>
<CYPRESSTAG name="Analog Code Generation">
============ Analog Final Answer Routes ============
Dump of CyAnalogRoutingResultsDB
Map of net to items {
}
Map of item to net {
}
Mux Info {
}
Analog Code Generation phase: Elapsed time ==> 0s.065ms
</CYPRESSTAG>
<CYPRESSTAG name="Digital Placement">
<CYPRESSTAG name="Detailed placement messages">
I2076: Total run-time: 0.5 sec.

</CYPRESSTAG>
<CYPRESSTAG name="PLD Packing">
<CYPRESSTAG name="PLD Packing Summary" expanded>

------------------------------------------------------------
PLD Packing Summary
------------------------------------------------------------
            Resource Type : Used : Free :  Max :  % Used
    ====================================================
                     PLDs :    4 :    4 :    8 :  50.00%

<CYPRESSTAG name="PLD Statistics">

        PLD Resource Type :     Average/LAB
    =======================================
                   Inputs :            8.75
                   Pterms :            6.75
               Macrocells :            3.25
</CYPRESSTAG>
<CYPRESSTAG name="Packed PLD Contents">
Packed PLD Contents not displayed at this verbose level.</CYPRESSTAG>
</CYPRESSTAG>
PLD Packing: Elapsed time ==> 0s.001ms
</CYPRESSTAG>
<CYPRESSTAG name="Partitioning">
<CYPRESSTAG name="Initial Partitioning Summary">
Initial Partitioning Summary not displayed at this verbose level.</CYPRESSTAG>
<CYPRESSTAG name="Final Partitioning Summary">
Final Partitioning Summary not displayed at this verbose level.</CYPRESSTAG>
Partitioning: Elapsed time ==> 0s.016ms
</CYPRESSTAG>
<CYPRESSTAG name="Final Placement Summary">

------------------------------------------------------------
Final Placement Summary
------------------------------------------------------------

       Resource Type :      Count : Avg Inputs : Avg Outputs
    ========================================================
                 UDB :          2 :      13.50 :       6.50
<CYPRESSTAG name="Final Placement Details">
<CYPRESSTAG name="Component Details">

------------------------------------------------------------
Component Placement Details
------------------------------------------------------------
UDB [UDB=(0,0)] contents:
LAB@[UDB=(0,0)][LB=0] #macrocells=3, #inputs=9, #pterms=8
{
    [McSlotId=0]:     MacroCell: Name=\StripLights:B_WS2811:state_0\, Mode=(D-Register) @ [UDB=(0,0)][LB=0][MC=0]
        Total # of inputs        : 9
        Total # of product terms : 3
        List of special equations: 
            Clock  = (\StripLights:Net_18_digital\) => Global
            Clock Enable: True
        Main Equation            : 3 pterms
        (
              \StripLights:B_WS2811:pwmTC\ * 
              \StripLights:B_WS2811:bitCount_2\ * 
              \StripLights:B_WS2811:state_1\ * 
              !\StripLights:B_WS2811:state_0\ * 
              \StripLights:B_WS2811:bitCount_1\ * 
              \StripLights:B_WS2811:bitCount_0\
            + !\StripLights:B_WS2811:control_5\ * 
              \StripLights:B_WS2811:state_1\ * \StripLights:B_WS2811:state_0\
            + \StripLights:B_WS2811:control_0\ * 
              !\StripLights:B_WS2811:status_0\ * 
              !\StripLights:B_WS2811:state_1\ * 
              !\StripLights:B_WS2811:state_0\
        );
        Output = \StripLights:B_WS2811:state_0\ (fanout=10)
        Properties               : 
        {
        }

    [McSlotId=1]:     MacroCell: Name=\StripLights:B_WS2811:state_1\, Mode=(D-Register) @ [UDB=(0,0)][LB=0][MC=1]
        Total # of inputs        : 9
        Total # of product terms : 3
        List of special equations: 
            Clock  = (\StripLights:Net_18_digital\) => Global
            Clock Enable: True
        Main Equation            : 3 pterms
        !(
              \StripLights:B_WS2811:pwmTC\ * \StripLights:B_WS2811:control_0\ * 
              !\StripLights:B_WS2811:status_0\ * 
              \StripLights:B_WS2811:bitCount_2\ * 
              !\StripLights:B_WS2811:state_0\ * 
              \StripLights:B_WS2811:bitCount_1\ * 
              \StripLights:B_WS2811:bitCount_0\
            + \StripLights:B_WS2811:control_5\ * 
              \StripLights:B_WS2811:state_1\ * \StripLights:B_WS2811:state_0\
            + !\StripLights:B_WS2811:state_1\ * 
              !\StripLights:B_WS2811:state_0\
        );
        Output = \StripLights:B_WS2811:state_1\ (fanout=10)
        Properties               : 
        {
        }

    [McSlotId=2]:     MacroCell: Name=\StripLights:B_WS2811:bitCount_2\, Mode=(T-Register) @ [UDB=(0,0)][LB=0][MC=2]
        Total # of inputs        : 6
        Total # of product terms : 2
        List of special equations: 
            Clock  = (\StripLights:Net_18_digital\) => Global
            Clock Enable: True
        Main Equation            : 2 pterms
        (
              \StripLights:B_WS2811:pwmTC\ * \StripLights:B_WS2811:state_1\ * 
              !\StripLights:B_WS2811:state_0\ * 
              \StripLights:B_WS2811:bitCount_1\ * 
              \StripLights:B_WS2811:bitCount_0\
            + \StripLights:B_WS2811:bitCount_2\ * 
              !\StripLights:B_WS2811:state_1\
        );
        Output = \StripLights:B_WS2811:bitCount_2\ (fanout=4)
        Properties               : 
        {
        }

    [McSlotId=3]: (empty)
}

LAB@[UDB=(0,0)][LB=1] #macrocells=3, #inputs=7, #pterms=8
{
    [McSlotId=0]:     MacroCell: Name=\StripLights:B_WS2811:dpAddr_1\, Mode=(D-Register) @ [UDB=(0,0)][LB=1][MC=0]
        Total # of inputs        : 7
        Total # of product terms : 4
        List of special equations: 
            Clock  = (\StripLights:Net_18_digital\) => Global
            Clock Enable: True
        Main Equation            : 4 pterms
        (
              \StripLights:B_WS2811:pwmTC\ * 
              !\StripLights:B_WS2811:bitCount_2\ * 
              \StripLights:B_WS2811:state_1\ * 
              !\StripLights:B_WS2811:state_0\
            + \StripLights:B_WS2811:pwmTC\ * \StripLights:B_WS2811:state_1\ * 
              !\StripLights:B_WS2811:state_0\ * 
              !\StripLights:B_WS2811:bitCount_1\
            + \StripLights:B_WS2811:pwmTC\ * \StripLights:B_WS2811:state_1\ * 
              !\StripLights:B_WS2811:state_0\ * 
              !\StripLights:B_WS2811:bitCount_0\
            + \StripLights:B_WS2811:state_1\ * \StripLights:B_WS2811:state_0\ * 
              \StripLights:B_WS2811:dpAddr_1\
        );
        Output = \StripLights:B_WS2811:dpAddr_1\ (fanout=2)
        Properties               : 
        {
        }

    [McSlotId=1]:     MacroCell: Name=\StripLights:B_WS2811:bitCount_1\, Mode=(T-Register) @ [UDB=(0,0)][LB=1][MC=1]
        Total # of inputs        : 5
        Total # of product terms : 2
        List of special equations: 
            Clock  = (\StripLights:Net_18_digital\) => Global
            Clock Enable: True
        Main Equation            : 2 pterms
        (
              \StripLights:B_WS2811:pwmTC\ * \StripLights:B_WS2811:state_1\ * 
              !\StripLights:B_WS2811:state_0\ * 
              \StripLights:B_WS2811:bitCount_0\
            + !\StripLights:B_WS2811:state_1\ * 
              \StripLights:B_WS2811:bitCount_1\
        );
        Output = \StripLights:B_WS2811:bitCount_1\ (fanout=5)
        Properties               : 
        {
        }

    [McSlotId=2]:     MacroCell: Name=\StripLights:B_WS2811:bitCount_0\, Mode=(T-Register) @ [UDB=(0,0)][LB=1][MC=2]
        Total # of inputs        : 4
        Total # of product terms : 2
        List of special equations: 
            Clock  = (\StripLights:Net_18_digital\) => Global
            Clock Enable: True
        Main Equation            : 2 pterms
        (
              \StripLights:B_WS2811:pwmTC\ * \StripLights:B_WS2811:state_1\ * 
              !\StripLights:B_WS2811:state_0\
            + !\StripLights:B_WS2811:state_1\ * 
              \StripLights:B_WS2811:bitCount_0\
        );
        Output = \StripLights:B_WS2811:bitCount_0\ (fanout=6)
        Properties               : 
        {
        }

    [McSlotId=3]: (empty)
}

datapathcell: Name =\StripLights:B_WS2811:dshifter:u0\
    PORT MAP (
        clock => \StripLights:Net_18_digital\ ,
        cs_addr_1 => \StripLights:B_WS2811:dpAddr_1\ ,
        cs_addr_0 => \StripLights:B_WS2811:dpAddr_0\ ,
        so_comb => \StripLights:B_WS2811:shiftOut\ ,
        f0_bus_stat_comb => \StripLights:B_WS2811:status_1\ ,
        f0_blk_stat_comb => \StripLights:B_WS2811:status_0\ );
    Properties:
    {
        a0_init = "00000000"
        a1_init = "00000000"
        ce0_sync = 1
        ce1_sync = 1
        cl0_sync = 1
        cl1_sync = 1
        cmsb_sync = 1
        co_msb_sync = 1
        cy_dpconfig = "0000000000000000000000001100000000000001010000000000000000000000000000000000000000000000000000000000000000000000000000000000000011111111000000001111111111111111000000000000000000000000000000000000000000000000"
        d0_init = "00000000"
        d1_init = "00000000"
        f0_blk_sync = 1
        f0_bus_sync = 1
        f1_blk_sync = 1
        f1_bus_sync = 1
        ff0_sync = 1
        ff1_sync = 1
        ov_msb_sync = 1
        so_sync = 1
        z0_sync = 1
        z1_sync = 1
    }
    Clock Polarity: Active High
    Clock Enable: True

statuscell: Name =\StripLights:B_WS2811:StatusReg\
    PORT MAP (
        status_7 => \StripLights:B_WS2811:control_0\ ,
        status_6 => \StripLights:B_WS2811:status_6\ ,
        status_1 => \StripLights:B_WS2811:status_1\ ,
        status_0 => \StripLights:B_WS2811:status_0\ );
    Properties:
    {
        cy_force_order = 1
        cy_md_select = "00000000"
    }
    Clock Enable: True

controlcell: Name =\StripLights:B_WS2811:ctrl\
    PORT MAP (
        control_7 => \StripLights:B_WS2811:control_7\ ,
        control_6 => \StripLights:B_WS2811:control_6\ ,
        control_5 => \StripLights:B_WS2811:control_5\ ,
        control_4 => \StripLights:B_WS2811:control_4\ ,
        control_3 => \StripLights:B_WS2811:control_3\ ,
        control_2 => \StripLights:B_WS2811:control_2\ ,
        control_1 => \StripLights:B_WS2811:control_1\ ,
        control_0 => \StripLights:B_WS2811:control_0\ );
    Properties:
    {
        cy_ctrl_mode_0 = "00000000"
        cy_ctrl_mode_1 = "00000000"
        cy_ext_reset = 0
        cy_force_order = 1
        cy_init_value = "00000000"
    }
    Clock Enable: True

UDB [UDB=(0,1)] is empty.
UDB [UDB=(1,0)] contents:
LAB@[UDB=(1,0)][LB=0] #macrocells=4, #inputs=11, #pterms=6
{
    [McSlotId=0]:     MacroCell: Name=Net_24, Mode=(Combinatorial) @ [UDB=(1,0)][LB=0][MC=0]
        Total # of inputs        : 5
        Total # of product terms : 1
            Clock Enable: True
        Main Equation            : 1 pterm
        (
              !\StripLights:saddr_3\ * !\StripLights:saddr_2\ * 
              !\StripLights:saddr_1\ * !\StripLights:saddr_0\ * 
              \StripLights:Net_64\
        );
        Output = Net_24 (fanout=1)
        Properties               : 
        {
        }

    [McSlotId=1]:     MacroCell: Name=\StripLights:Net_64\, Mode=(D-Register) @ [UDB=(1,0)][LB=0][MC=1]
        Total # of inputs        : 5
        Total # of product terms : 3
        List of special equations: 
            Clock  = (\StripLights:Net_18_digital\) => Global
            Clock Enable: True
        Main Equation            : 3 pterms
        (
              !\StripLights:B_WS2811:zeroCmp\ * 
              \StripLights:B_WS2811:state_1\ * 
              !\StripLights:B_WS2811:state_0\ * 
              !\StripLights:B_WS2811:shiftOut\
            + !\StripLights:B_WS2811:oneCmp\ * \StripLights:B_WS2811:state_1\ * 
              !\StripLights:B_WS2811:state_0\ * 
              \StripLights:B_WS2811:shiftOut\
            + !\StripLights:B_WS2811:state_1\ * 
              \StripLights:B_WS2811:state_0\
        );
        Output = \StripLights:Net_64\ (fanout=1)
        Properties               : 
        {
        }

    [McSlotId=2]:     MacroCell: Name=\StripLights:B_WS2811:dpAddr_0\, Mode=(D-Register) @ [UDB=(1,0)][LB=0][MC=2]
        Total # of inputs        : 3
        Total # of product terms : 2
        List of special equations: 
            Clock  = (\StripLights:Net_18_digital\) => Global
            Clock Enable: True
        Main Equation            : 2 pterms
        (
              !\StripLights:B_WS2811:state_1\ * 
              \StripLights:B_WS2811:state_0\
            + \StripLights:B_WS2811:state_0\ * 
              \StripLights:B_WS2811:dpAddr_0\
        );
        Output = \StripLights:B_WS2811:dpAddr_0\ (fanout=2)
        Properties               : 
        {
        }

    [McSlotId=3]:     MacroCell: Name=\StripLights:B_WS2811:status_6\, Mode=(D-Register) @ [UDB=(1,0)][LB=0][MC=3]
        Total # of inputs        : 2
        Total # of product terms : 1
        List of special equations: 
            Clock  = (\StripLights:Net_18_digital\) => Global
            Clock Enable: True
        Main Equation            : 1 pterm
        (
              \StripLights:B_WS2811:state_1\ * \StripLights:B_WS2811:state_0\
        );
        Output = \StripLights:B_WS2811:status_6\ (fanout=2)
        Properties               : 
        {
        }
}

LAB@[UDB=(1,0)][LB=1] #macrocells=3, #inputs=8, #pterms=5
{
    [McSlotId=0]:     MacroCell: Name=\StripLights:B_WS2811:pwmCntl\, Mode=(D-Register) @ [UDB=(1,0)][LB=1][MC=0]
        Total # of inputs        : 5
        Total # of product terms : 3
        List of special equations: 
            Clock  = (\StripLights:Net_18_digital\) => Global
            Clock Enable: True
        Main Equation            : 3 pterms
        !(
              \StripLights:B_WS2811:control_0\ * 
              !\StripLights:B_WS2811:status_0\ * 
              !\StripLights:B_WS2811:state_0\
            + \StripLights:B_WS2811:state_1\ * 
              !\StripLights:B_WS2811:state_0\
            + \StripLights:B_WS2811:state_1\ * 
              !\StripLights:B_WS2811:pwmCntl\
        );
        Output = \StripLights:B_WS2811:pwmCntl\ (fanout=2)
        Properties               : 
        {
        }

    [McSlotId=1]:     MacroCell: Name=\StripLights:Net_159\, Mode=(Combinatorial) @ [UDB=(1,0)][LB=1][MC=1]
        Total # of inputs        : 3
        Total # of product terms : 1
            Clock Enable: True
        Main Equation            : 1 pterm
        (
              \StripLights:B_WS2811:control_3\ * 
              \StripLights:B_WS2811:control_0\ * 
              \StripLights:B_WS2811:status_0\
        );
        Output = \StripLights:Net_159\ (fanout=1)
        Properties               : 
        {
        }

    [McSlotId=2]:     MacroCell: Name=Net_4, Mode=(Combinatorial) @ [UDB=(1,0)][LB=1][MC=2]
        Total # of inputs        : 3
        Total # of product terms : 1
            Clock Enable: True
        Main Equation            : 1 pterm
        (
              \StripLights:B_WS2811:control_4\ * 
              \StripLights:B_WS2811:control_0\ * 
              \StripLights:B_WS2811:status_6\
        );
        Output = Net_4 (fanout=1)
        Properties               : 
        {
        }

    [McSlotId=3]: (empty)
}

datapathcell: Name =\StripLights:B_WS2811:pwm8:u0\
    PORT MAP (
        clock => \StripLights:Net_18_digital\ ,
        cs_addr_1 => \StripLights:B_WS2811:pwmCntl\ ,
        cs_addr_0 => \StripLights:B_WS2811:pwmTC\ ,
        cl0_comb => \StripLights:B_WS2811:zeroCmp\ ,
        z0_comb => \StripLights:B_WS2811:pwmTC\ ,
        cl1_comb => \StripLights:B_WS2811:oneCmp\ );
    Properties:
    {
        a0_init = "00011000"
        a1_init = "00011000"
        ce0_sync = 1
        ce1_sync = 1
        cl0_sync = 1
        cl1_sync = 1
        cmsb_sync = 1
        co_msb_sync = 1
        cy_dpconfig = "0100000001000000000000001100000000000000110000000000000011000000000000000000000000000000000000000000000000000000000000000000000011111111000000001111111111111111101000000000000000000000000000000000000000000000"
        d0_init = "00010100"
        d1_init = "00001100"
        f0_blk_sync = 1
        f0_bus_sync = 1
        f1_blk_sync = 1
        f1_bus_sync = 1
        ff0_sync = 1
        ff1_sync = 1
        ov_msb_sync = 1
        so_sync = 1
        z0_sync = 1
        z1_sync = 1
    }
    Clock Polarity: Active High
    Clock Enable: True

controlcell: Name =\StripLights:StringSel:Sync:ctrl_reg\
    PORT MAP (
        control_7 => \StripLights:StringSel:control_7\ ,
        control_6 => \StripLights:StringSel:control_6\ ,
        control_5 => \StripLights:StringSel:control_5\ ,
        control_4 => \StripLights:StringSel:control_4\ ,
        control_3 => \StripLights:saddr_3\ ,
        control_2 => \StripLights:saddr_2\ ,
        control_1 => \StripLights:saddr_1\ ,
        control_0 => \StripLights:saddr_0\ );
    Properties:
    {
        cy_ctrl_mode_0 = "00000000"
        cy_ctrl_mode_1 = "00000000"
        cy_ext_reset = 0
        cy_force_order = 1
        cy_init_value = "00000000"
    }
    Clock Enable: True

UDB [UDB=(1,1)] is empty.
Intr container @ [IntrContainer=(0)]: 
  Intr@ [IntrContainer=(0)][IntrId=(1)] 
    interrupt: Name =\StripLights:cisr\
        PORT MAP (
            interrupt => Net_4 );
        Properties:
        {
            int_type = "00"
            is_nmi = 0
        }
  Intr@ [IntrContainer=(0)][IntrId=(2)] 
    interrupt: Name =\StripLights:fisr\
        PORT MAP (
            interrupt => \StripLights:Net_159\ );
        Properties:
        {
            int_type = "00"
            is_nmi = 0
        }
Drq container @ [DrqContainer=(0)]: empty
Port 0 contains the following IO cells:
Port 1 contains the following IO cells:
Port 2 contains the following IO cells:
[IoId=1]: 
Pin : Name = S0(0)
    Attributes:
        In Group/Port: True
        In Sync Option: AUTO
        Out Sync Option: NOSYNC
        Interrupt generated: False
        Interrupt mode: NONE
        Drive mode: CMOS_OUT
        VTrip: EITHER
        Slew: FAST
        Input Sync needed: False
        Output Sync needed: False
        SC shield enabled: False
        POR State: ANY
        LCD Mode: COMMON
        Register Mode: RegComb
        CaSense Mode: NEITHER
        Treat as pin: True
        Is OE Registered: False
        Uses Analog: False
        Can contain Digital: True
        Is SIO: False
        SIO Output Buf: NONREGULATED
        SIO Input Buf: SINGLE_ENDED
        SIO HiFreq: LOW
        SIO Hyst: DISABLED
        SIO Vtrip: MULTIPLIER_0_5
        SIO Multiplier Index: 0
        SIO RefSel: VCC_IO
        Required Capabilities: DIGITAL, ROUTABLE
        Initial Value: 1
        IO Voltage: 0
    PORT MAP (
        pa_out => S0(0)__PA ,
        pin_input => Net_24 ,
        annotation => Net_1 ,
        pad => S0(0)_PAD );
    Properties:
    {
    }

[IoId=7]: 
Pin : Name = SW1(0)
    Attributes:
        In Group/Port: True
        In Sync Option: NOSYNC
        Out Sync Option: AUTO
        Interrupt generated: False
        Interrupt mode: NONE
        Drive mode: RES_PULL_UP
        VTrip: CMOS
        Slew: FAST
        Input Sync needed: False
        Output Sync needed: False
        SC shield enabled: False
        POR State: ANY
        LCD Mode: COMMON
        Register Mode: RegComb
        CaSense Mode: NEITHER
        Treat as pin: True
        Is OE Registered: False
        Uses Analog: False
        Can contain Digital: True
        Is SIO: False
        SIO Output Buf: NONREGULATED
        SIO Input Buf: SINGLE_ENDED
        SIO HiFreq: LOW
        SIO Hyst: DISABLED
        SIO Vtrip: MULTIPLIER_0_5
        SIO Multiplier Index: 0
        SIO RefSel: VCC_IO
        Required Capabilities: DIGITAL
        Initial Value: 1
        IO Voltage: 0
    PORT MAP (
        pa_out => SW1(0)__PA ,
        annotation => Net_29 ,
        pad => SW1(0)_PAD );
    Properties:
    {
    }

Port 3 contains the following IO cells:
Port 4 contains the following IO cells:
Port 5 contains the following IO cells:
Port 6 contains the following IO cells:
ARM group 0: empty
Clock group 0: 
    Clock Block @ F(Clock,0): 
    m0s8clockblockcell: Name =ClockBlock
        PORT MAP (
            hfclk => ClockBlock_HFClk ,
            imo => ClockBlock_IMO ,
            ext => ClockBlock_ExtClk ,
            sysclk => ClockBlock_SysClk ,
            eco => ClockBlock_ECO ,
            ilo => ClockBlock_ILO ,
            lfclk => ClockBlock_LFClk ,
            wco => ClockBlock_WCO ,
            dsi_in_0 => ClockBlock_Routed1 ,
            udb_div_0 => dclk_to_genclk );
        Properties:
        {
        }
LCD group 0: empty
PICU group 0: empty
LPCOMP group 0: empty
SCB group 0: empty
CSD group 0: empty
CSIDAC8 group 0: empty
CSIDAC7 group 0: empty
TCPWM group 0: empty
OA group 0: empty
TEMP group 0: empty
SARADC group 0: empty
CLK_GEN group 0: 
    M0S8 Clock Gen Block @ F(CLK_GEN,0): 
    m0s8clockgenblockcell: Name =ClockGenBlock
        PORT MAP (
            gen_clk_out_0 => \StripLights:Net_18_digital\ ,
            gen_clk_in_0 => dclk_to_genclk );
        Properties:
        {
        }
LPCOMPBLOCK group 0: empty
PASSBLOCK group 0: empty
BLE group 0: empty
WCO group 0: empty
SRSS group 0: empty
CPUSS group 0: empty
IOSS group 0: empty
EXCO group 0: empty
</CYPRESSTAG>
<CYPRESSTAG name="Port Configuration Details">

------------------------------------------------------------
Port Configuration report
------------------------------------------------------------
     |     |       | Interrupt |                  |        | 
Port | Pin | Fixed |      Type |       Drive Mode |   Name | Connections
-----+-----+-------+-----------+------------------+--------+------------
   2 |   1 |     * |      NONE |         CMOS_OUT |  S0(0) | In(Net_24)
     |   7 |     * |      NONE |      RES_PULL_UP | SW1(0) | 
------------------------------------------------------------------------
</CYPRESSTAG>
</CYPRESSTAG>
</CYPRESSTAG>
Digital component placer commit/Report: Elapsed time ==> 0s.021ms
Digital Placement phase: Elapsed time ==> 0s.769ms
</CYPRESSTAG>
<CYPRESSTAG name="Digital Routing">
"C:\Program Files (x86)\Cypress\PSoC Creator\4.4\PSoC Creator\bin/sjrouter.exe" --xml-path "C:\Program Files (x86)\Cypress\PSoC Creator\4.4\PSoC Creator\dev\psoc4/3/256dma/route_arch-rrg.cydata" --vh2-path "Library_example_r.vh2" --pcf-path "Library_example.pco" --des-name "Library_example" --dsf-path "Library_example.dsf" --sdc-path "Library_example.sdc" --lib-path "Library_example_r.lib"
Routing successful.
Digital Routing phase: Elapsed time ==> 1s.089ms
</CYPRESSTAG>
<CYPRESSTAG name="Bitstream Generation">
Bitstream Generation phase: Elapsed time ==> 0s.427ms
</CYPRESSTAG>
<CYPRESSTAG name="Bitstream Verification">
Bitstream Verification phase: Elapsed time ==> 0s.084ms
</CYPRESSTAG>
<CYPRESSTAG name="Static timing analysis">
Timing report is in Library_example_timing.html.
Static timing analysis phase: Elapsed time ==> 0s.273ms
</CYPRESSTAG>
<CYPRESSTAG name="Data reporting">
Data reporting phase: Elapsed time ==> 0s.001ms
</CYPRESSTAG>
<CYPRESSTAG name="Database update...">
Design database save phase: Elapsed time ==> 0s.528ms
</CYPRESSTAG>
cydsfit: Elapsed time ==> 4s.173ms
</CYPRESSTAG>
Fitter phase: Elapsed time ==> 4s.176ms
API generation phase: Elapsed time ==> 2s.311ms
Dependency generation phase: Elapsed time ==> 0s.065ms
Cleanup phase: Elapsed time ==> 0s.055ms
