ARM GAS  C:\Users\alex\AppData\Local\Temp\ccmm0NNI.s 			page 1


   1              		.syntax unified
   2              		.cpu cortex-m0
   3              		.fpu softvfp
   4              		.eabi_attribute 20, 1
   5              		.eabi_attribute 21, 1
   6              		.eabi_attribute 23, 3
   7              		.eabi_attribute 24, 1
   8              		.eabi_attribute 25, 1
   9              		.eabi_attribute 26, 1
  10              		.eabi_attribute 30, 1
  11              		.eabi_attribute 34, 0
  12              		.eabi_attribute 18, 4
  13              		.thumb
  14              		.syntax unified
  15              		.file	"cyfitter_cfg.c"
  16              		.text
  17              	.Ltext0:
  18              		.cfi_sections	.debug_frame
  19              		.section	.text.AnalogSetDefault,"ax",%progbits
  20              		.align	2
  21              		.code	16
  22              		.thumb_func
  23              		.type	AnalogSetDefault, %function
  24              	AnalogSetDefault:
  25              	.LFB6:
  26              		.file 1 "Generated_Source\\PSoC4\\cyfitter_cfg.c"
   1:Generated_Source\PSoC4/cyfitter_cfg.c **** 
   2:Generated_Source\PSoC4/cyfitter_cfg.c **** /*******************************************************************************
   3:Generated_Source\PSoC4/cyfitter_cfg.c **** * File Name: cyfitter_cfg.c
   4:Generated_Source\PSoC4/cyfitter_cfg.c **** * 
   5:Generated_Source\PSoC4/cyfitter_cfg.c **** * PSoC Creator  4.4
   6:Generated_Source\PSoC4/cyfitter_cfg.c **** *
   7:Generated_Source\PSoC4/cyfitter_cfg.c **** * Description:
   8:Generated_Source\PSoC4/cyfitter_cfg.c **** * This file contains device initialization code.
   9:Generated_Source\PSoC4/cyfitter_cfg.c **** * Except for the user defined sections in CyClockStartupError(), this file should not be modified.
  10:Generated_Source\PSoC4/cyfitter_cfg.c **** * This file is automatically generated by PSoC Creator.
  11:Generated_Source\PSoC4/cyfitter_cfg.c **** *
  12:Generated_Source\PSoC4/cyfitter_cfg.c **** ********************************************************************************
  13:Generated_Source\PSoC4/cyfitter_cfg.c **** * Copyright (c) 2007-2020 Cypress Semiconductor.  All rights reserved.
  14:Generated_Source\PSoC4/cyfitter_cfg.c **** * You may use this file only in accordance with the license, terms, conditions, 
  15:Generated_Source\PSoC4/cyfitter_cfg.c **** * disclaimers, and limitations in the end user license agreement accompanying 
  16:Generated_Source\PSoC4/cyfitter_cfg.c **** * the software package with which this file was provided.
  17:Generated_Source\PSoC4/cyfitter_cfg.c **** ********************************************************************************/
  18:Generated_Source\PSoC4/cyfitter_cfg.c **** 
  19:Generated_Source\PSoC4/cyfitter_cfg.c **** #include <string.h>
  20:Generated_Source\PSoC4/cyfitter_cfg.c **** #include "cytypes.h"
  21:Generated_Source\PSoC4/cyfitter_cfg.c **** #include "cydevice_trm.h"
  22:Generated_Source\PSoC4/cyfitter_cfg.c **** #include "cyfitter.h"
  23:Generated_Source\PSoC4/cyfitter_cfg.c **** #include "CyLib.h"
  24:Generated_Source\PSoC4/cyfitter_cfg.c **** #include "CyLFClk.h"
  25:Generated_Source\PSoC4/cyfitter_cfg.c **** #include "cyfitter_cfg.h"
  26:Generated_Source\PSoC4/cyfitter_cfg.c **** #include "cyapicallbacks.h"
  27:Generated_Source\PSoC4/cyfitter_cfg.c **** 
  28:Generated_Source\PSoC4/cyfitter_cfg.c **** 
  29:Generated_Source\PSoC4/cyfitter_cfg.c **** #if defined(__GNUC__) || defined(__ARMCC_VERSION)
  30:Generated_Source\PSoC4/cyfitter_cfg.c ****     #define CYPACKED 
  31:Generated_Source\PSoC4/cyfitter_cfg.c ****     #define CYPACKED_ATTR __attribute__ ((packed))
ARM GAS  C:\Users\alex\AppData\Local\Temp\ccmm0NNI.s 			page 2


  32:Generated_Source\PSoC4/cyfitter_cfg.c ****     #define CYALIGNED __attribute__ ((aligned))
  33:Generated_Source\PSoC4/cyfitter_cfg.c ****     #define CY_CFG_UNUSED __attribute__ ((unused))
  34:Generated_Source\PSoC4/cyfitter_cfg.c ****     #ifndef CY_CFG_SECTION
  35:Generated_Source\PSoC4/cyfitter_cfg.c ****         #define CY_CFG_SECTION __attribute__ ((section(".psocinit")))
  36:Generated_Source\PSoC4/cyfitter_cfg.c ****     #endif
  37:Generated_Source\PSoC4/cyfitter_cfg.c ****     
  38:Generated_Source\PSoC4/cyfitter_cfg.c ****     #if defined(__ARMCC_VERSION)
  39:Generated_Source\PSoC4/cyfitter_cfg.c ****         #define CY_CFG_MEMORY_BARRIER() __memory_changed()
  40:Generated_Source\PSoC4/cyfitter_cfg.c ****     #else
  41:Generated_Source\PSoC4/cyfitter_cfg.c ****         #define CY_CFG_MEMORY_BARRIER() __sync_synchronize()
  42:Generated_Source\PSoC4/cyfitter_cfg.c ****     #endif
  43:Generated_Source\PSoC4/cyfitter_cfg.c ****     
  44:Generated_Source\PSoC4/cyfitter_cfg.c **** #elif defined(__ICCARM__)
  45:Generated_Source\PSoC4/cyfitter_cfg.c ****     #include <intrinsics.h>
  46:Generated_Source\PSoC4/cyfitter_cfg.c **** 
  47:Generated_Source\PSoC4/cyfitter_cfg.c ****     #define CYPACKED __packed
  48:Generated_Source\PSoC4/cyfitter_cfg.c ****     #define CYPACKED_ATTR 
  49:Generated_Source\PSoC4/cyfitter_cfg.c ****     #define CYALIGNED _Pragma("data_alignment=4")
  50:Generated_Source\PSoC4/cyfitter_cfg.c ****     #define CY_CFG_UNUSED _Pragma("diag_suppress=Pe177")
  51:Generated_Source\PSoC4/cyfitter_cfg.c ****     #define CY_CFG_SECTION _Pragma("location=\".psocinit\"")
  52:Generated_Source\PSoC4/cyfitter_cfg.c ****     
  53:Generated_Source\PSoC4/cyfitter_cfg.c ****     #define CY_CFG_MEMORY_BARRIER() __DMB()
  54:Generated_Source\PSoC4/cyfitter_cfg.c ****     
  55:Generated_Source\PSoC4/cyfitter_cfg.c **** #else
  56:Generated_Source\PSoC4/cyfitter_cfg.c ****     #error Unsupported toolchain
  57:Generated_Source\PSoC4/cyfitter_cfg.c **** #endif
  58:Generated_Source\PSoC4/cyfitter_cfg.c **** 
  59:Generated_Source\PSoC4/cyfitter_cfg.c **** #ifndef CYCODE
  60:Generated_Source\PSoC4/cyfitter_cfg.c ****     #define CYCODE
  61:Generated_Source\PSoC4/cyfitter_cfg.c **** #endif
  62:Generated_Source\PSoC4/cyfitter_cfg.c **** #ifndef CYDATA
  63:Generated_Source\PSoC4/cyfitter_cfg.c ****     #define CYDATA
  64:Generated_Source\PSoC4/cyfitter_cfg.c **** #endif
  65:Generated_Source\PSoC4/cyfitter_cfg.c **** #ifndef CYFAR
  66:Generated_Source\PSoC4/cyfitter_cfg.c ****     #define CYFAR
  67:Generated_Source\PSoC4/cyfitter_cfg.c **** #endif
  68:Generated_Source\PSoC4/cyfitter_cfg.c **** #ifndef CYXDATA
  69:Generated_Source\PSoC4/cyfitter_cfg.c ****     #define CYXDATA
  70:Generated_Source\PSoC4/cyfitter_cfg.c **** #endif
  71:Generated_Source\PSoC4/cyfitter_cfg.c **** 
  72:Generated_Source\PSoC4/cyfitter_cfg.c **** 
  73:Generated_Source\PSoC4/cyfitter_cfg.c **** CY_CFG_UNUSED
  74:Generated_Source\PSoC4/cyfitter_cfg.c **** static void CYMEMZERO(void *s, size_t n);
  75:Generated_Source\PSoC4/cyfitter_cfg.c **** CY_CFG_UNUSED
  76:Generated_Source\PSoC4/cyfitter_cfg.c **** static void CYMEMZERO(void *s, size_t n)
  77:Generated_Source\PSoC4/cyfitter_cfg.c **** {
  78:Generated_Source\PSoC4/cyfitter_cfg.c **** 	(void)memset(s, 0, n);
  79:Generated_Source\PSoC4/cyfitter_cfg.c **** }
  80:Generated_Source\PSoC4/cyfitter_cfg.c **** CY_CFG_UNUSED
  81:Generated_Source\PSoC4/cyfitter_cfg.c **** static void CYCONFIGCPY(void *dest, const void *src, size_t n);
  82:Generated_Source\PSoC4/cyfitter_cfg.c **** CY_CFG_UNUSED
  83:Generated_Source\PSoC4/cyfitter_cfg.c **** static void CYCONFIGCPY(void *dest, const void *src, size_t n)
  84:Generated_Source\PSoC4/cyfitter_cfg.c **** {
  85:Generated_Source\PSoC4/cyfitter_cfg.c **** 	(void)memcpy(dest, src, n);
  86:Generated_Source\PSoC4/cyfitter_cfg.c **** }
  87:Generated_Source\PSoC4/cyfitter_cfg.c **** CY_CFG_UNUSED
  88:Generated_Source\PSoC4/cyfitter_cfg.c **** static void CYCONFIGCPYCODE(void *dest, const void *src, size_t n);
ARM GAS  C:\Users\alex\AppData\Local\Temp\ccmm0NNI.s 			page 3


  89:Generated_Source\PSoC4/cyfitter_cfg.c **** CY_CFG_UNUSED
  90:Generated_Source\PSoC4/cyfitter_cfg.c **** static void CYCONFIGCPYCODE(void *dest, const void *src, size_t n)
  91:Generated_Source\PSoC4/cyfitter_cfg.c **** {
  92:Generated_Source\PSoC4/cyfitter_cfg.c **** 	(void)memcpy(dest, src, n);
  93:Generated_Source\PSoC4/cyfitter_cfg.c **** }
  94:Generated_Source\PSoC4/cyfitter_cfg.c **** 
  95:Generated_Source\PSoC4/cyfitter_cfg.c **** 
  96:Generated_Source\PSoC4/cyfitter_cfg.c **** 
  97:Generated_Source\PSoC4/cyfitter_cfg.c **** 
  98:Generated_Source\PSoC4/cyfitter_cfg.c **** /* Clock startup error codes                                                   */
  99:Generated_Source\PSoC4/cyfitter_cfg.c **** #define CYCLOCKSTART_NO_ERROR    0u
 100:Generated_Source\PSoC4/cyfitter_cfg.c **** #define CYCLOCKSTART_XTAL_ERROR  1u
 101:Generated_Source\PSoC4/cyfitter_cfg.c **** #define CYCLOCKSTART_32KHZ_ERROR 2u
 102:Generated_Source\PSoC4/cyfitter_cfg.c **** #define CYCLOCKSTART_PLL_ERROR   3u
 103:Generated_Source\PSoC4/cyfitter_cfg.c **** #define CYCLOCKSTART_FLL_ERROR   4u
 104:Generated_Source\PSoC4/cyfitter_cfg.c **** #define CYCLOCKSTART_WCO_ERROR   5u
 105:Generated_Source\PSoC4/cyfitter_cfg.c **** 
 106:Generated_Source\PSoC4/cyfitter_cfg.c **** 
 107:Generated_Source\PSoC4/cyfitter_cfg.c **** #ifdef CY_NEED_CYCLOCKSTARTUPERROR
 108:Generated_Source\PSoC4/cyfitter_cfg.c **** /*******************************************************************************
 109:Generated_Source\PSoC4/cyfitter_cfg.c **** * Function Name: CyClockStartupError
 110:Generated_Source\PSoC4/cyfitter_cfg.c **** ********************************************************************************
 111:Generated_Source\PSoC4/cyfitter_cfg.c **** * Summary:
 112:Generated_Source\PSoC4/cyfitter_cfg.c **** *  If an error is encountered during clock configuration (crystal startup error,
 113:Generated_Source\PSoC4/cyfitter_cfg.c **** *  PLL lock error, etc.), the system will end up here.  Unless reimplemented by
 114:Generated_Source\PSoC4/cyfitter_cfg.c **** *  the customer, this function will stop in an infinite loop.
 115:Generated_Source\PSoC4/cyfitter_cfg.c **** *
 116:Generated_Source\PSoC4/cyfitter_cfg.c **** * Parameters:
 117:Generated_Source\PSoC4/cyfitter_cfg.c **** *   void
 118:Generated_Source\PSoC4/cyfitter_cfg.c **** *
 119:Generated_Source\PSoC4/cyfitter_cfg.c **** * Return:
 120:Generated_Source\PSoC4/cyfitter_cfg.c **** *   void
 121:Generated_Source\PSoC4/cyfitter_cfg.c **** *
 122:Generated_Source\PSoC4/cyfitter_cfg.c **** *******************************************************************************/
 123:Generated_Source\PSoC4/cyfitter_cfg.c **** CY_CFG_UNUSED
 124:Generated_Source\PSoC4/cyfitter_cfg.c **** static void CyClockStartupError(uint8 errorCode);
 125:Generated_Source\PSoC4/cyfitter_cfg.c **** CY_CFG_UNUSED
 126:Generated_Source\PSoC4/cyfitter_cfg.c **** static void CyClockStartupError(uint8 errorCode)
 127:Generated_Source\PSoC4/cyfitter_cfg.c **** {
 128:Generated_Source\PSoC4/cyfitter_cfg.c ****     /* To remove the compiler warning if errorCode not used.                */
 129:Generated_Source\PSoC4/cyfitter_cfg.c ****     errorCode = errorCode;
 130:Generated_Source\PSoC4/cyfitter_cfg.c **** 
 131:Generated_Source\PSoC4/cyfitter_cfg.c ****     /* If we have a clock startup error (bad MHz crystal, PLL lock, etc.),  */
 132:Generated_Source\PSoC4/cyfitter_cfg.c ****     /* we will end up here to allow the customer to implement something to  */
 133:Generated_Source\PSoC4/cyfitter_cfg.c ****     /* deal with the clock condition.                                       */
 134:Generated_Source\PSoC4/cyfitter_cfg.c **** 
 135:Generated_Source\PSoC4/cyfitter_cfg.c **** #ifdef CY_CFG_CLOCK_STARTUP_ERROR_CALLBACK
 136:Generated_Source\PSoC4/cyfitter_cfg.c ****     CY_CFG_Clock_Startup_ErrorCallback();
 137:Generated_Source\PSoC4/cyfitter_cfg.c **** #else
 138:Generated_Source\PSoC4/cyfitter_cfg.c ****     /*  If not using CY_CFG_CLOCK_STARTUP_ERROR_CALLBACK, place your clock startup code here. */
 139:Generated_Source\PSoC4/cyfitter_cfg.c ****     /* `#START CyClockStartupError` */
 140:Generated_Source\PSoC4/cyfitter_cfg.c **** 
 141:Generated_Source\PSoC4/cyfitter_cfg.c **** 
 142:Generated_Source\PSoC4/cyfitter_cfg.c **** 
 143:Generated_Source\PSoC4/cyfitter_cfg.c ****     /* `#END` */
 144:Generated_Source\PSoC4/cyfitter_cfg.c **** 
 145:Generated_Source\PSoC4/cyfitter_cfg.c ****     while(1) {}
ARM GAS  C:\Users\alex\AppData\Local\Temp\ccmm0NNI.s 			page 4


 146:Generated_Source\PSoC4/cyfitter_cfg.c **** #endif /* CY_CFG_CLOCK_STARTUP_ERROR_CALLBACK */
 147:Generated_Source\PSoC4/cyfitter_cfg.c **** }
 148:Generated_Source\PSoC4/cyfitter_cfg.c **** #endif
 149:Generated_Source\PSoC4/cyfitter_cfg.c **** 
 150:Generated_Source\PSoC4/cyfitter_cfg.c **** 
 151:Generated_Source\PSoC4/cyfitter_cfg.c **** 
 152:Generated_Source\PSoC4/cyfitter_cfg.c **** /*******************************************************************************
 153:Generated_Source\PSoC4/cyfitter_cfg.c **** * Function Name: ClockSetup
 154:Generated_Source\PSoC4/cyfitter_cfg.c **** ********************************************************************************
 155:Generated_Source\PSoC4/cyfitter_cfg.c **** *
 156:Generated_Source\PSoC4/cyfitter_cfg.c **** * Summary:
 157:Generated_Source\PSoC4/cyfitter_cfg.c **** *   Performs the initialization of all of the clocks in the device based on the
 158:Generated_Source\PSoC4/cyfitter_cfg.c **** *   settings in the Clock tab of the DWR.  This includes enabling the requested
 159:Generated_Source\PSoC4/cyfitter_cfg.c **** *   clocks and setting the necessary dividers to produce the desired frequency. 
 160:Generated_Source\PSoC4/cyfitter_cfg.c **** *
 161:Generated_Source\PSoC4/cyfitter_cfg.c **** * Parameters:
 162:Generated_Source\PSoC4/cyfitter_cfg.c **** *   void
 163:Generated_Source\PSoC4/cyfitter_cfg.c **** *
 164:Generated_Source\PSoC4/cyfitter_cfg.c **** * Return:
 165:Generated_Source\PSoC4/cyfitter_cfg.c **** *   void
 166:Generated_Source\PSoC4/cyfitter_cfg.c **** *
 167:Generated_Source\PSoC4/cyfitter_cfg.c **** *******************************************************************************/
 168:Generated_Source\PSoC4/cyfitter_cfg.c **** static void ClockSetup(void);
 169:Generated_Source\PSoC4/cyfitter_cfg.c **** CY_CFG_SECTION
 170:Generated_Source\PSoC4/cyfitter_cfg.c **** static void ClockSetup(void)
 171:Generated_Source\PSoC4/cyfitter_cfg.c **** {
 172:Generated_Source\PSoC4/cyfitter_cfg.c **** 
 173:Generated_Source\PSoC4/cyfitter_cfg.c **** 	/* Set Flash Cycles based on max possible frequency in case a glitch occurs during ClockSetup(). *
 174:Generated_Source\PSoC4/cyfitter_cfg.c **** 	CY_SET_REG32((void CYXDATA *)(CYREG_CPUSS_FLASH_CTL), (0x0012u));
 175:Generated_Source\PSoC4/cyfitter_cfg.c **** 
 176:Generated_Source\PSoC4/cyfitter_cfg.c **** 	/* Start the WCO */
 177:Generated_Source\PSoC4/cyfitter_cfg.c **** 	CySysClkWcoStart();
 178:Generated_Source\PSoC4/cyfitter_cfg.c **** 	CyDelayCycles(12000000u); /* WCO may take up to 500ms to start */
 179:Generated_Source\PSoC4/cyfitter_cfg.c **** 	(void)CySysClkWcoSetPowerMode(CY_SYS_CLK_WCO_LPM);    /* Switch to the low power mode */
 180:Generated_Source\PSoC4/cyfitter_cfg.c **** 
 181:Generated_Source\PSoC4/cyfitter_cfg.c **** 	/* Setup and trim IMO based on desired frequency. */
 182:Generated_Source\PSoC4/cyfitter_cfg.c **** 	CySysClkWriteImoFreq(48u);
 183:Generated_Source\PSoC4/cyfitter_cfg.c **** 	/* CYDEV_CLK_ILO_CONFIG Starting address: CYDEV_CLK_ILO_CONFIG */
 184:Generated_Source\PSoC4/cyfitter_cfg.c **** 	CY_SET_REG32((void *)(CYREG_CLK_ILO_CONFIG), 0x80000006u);
 185:Generated_Source\PSoC4/cyfitter_cfg.c **** 
 186:Generated_Source\PSoC4/cyfitter_cfg.c **** 	/* CYDEV_WDT_CONFIG Starting address: CYDEV_WDT_CONFIG */
 187:Generated_Source\PSoC4/cyfitter_cfg.c **** 	CY_SET_REG32((void *)(CYREG_WDT_CONFIG), 0x40000000u);
 188:Generated_Source\PSoC4/cyfitter_cfg.c **** 
 189:Generated_Source\PSoC4/cyfitter_cfg.c **** 
 190:Generated_Source\PSoC4/cyfitter_cfg.c **** 	/* Enable fast start mode for XO */
 191:Generated_Source\PSoC4/cyfitter_cfg.c **** 	CY_SET_REG32((void*)CYREG_BLE_BLERD_BB_XO, CY_GET_REG32((void*)CYREG_BLE_BLERD_BB_XO) | (uint32)0x
 192:Generated_Source\PSoC4/cyfitter_cfg.c **** 	CY_SET_REG32((void *)(CYREG_BLE_BLERD_BB_XO_CAPTRIM), 0x00003E2Du);
 193:Generated_Source\PSoC4/cyfitter_cfg.c **** 	/*Set XTAL(ECO) divider*/
 194:Generated_Source\PSoC4/cyfitter_cfg.c **** 	CY_SET_REG32((void *)(CYREG_BLE_BLESS_XTAL_CLK_DIV_CONFIG), 0x00000000u);
 195:Generated_Source\PSoC4/cyfitter_cfg.c **** 	/* Disable Crystal Stable Interrupt before enabling ECO */
 196:Generated_Source\PSoC4/cyfitter_cfg.c **** 	CY_SET_REG32((void*)CYREG_BLE_BLESS_LL_DSM_CTRL, CY_GET_REG32((void*)CYREG_BLE_BLESS_LL_DSM_CTRL) 
 197:Generated_Source\PSoC4/cyfitter_cfg.c **** 	/* Start the ECO and do not check status since it is not needed for HFCLK */
 198:Generated_Source\PSoC4/cyfitter_cfg.c **** 	(void)CySysClkEcoStart(2000u);
 199:Generated_Source\PSoC4/cyfitter_cfg.c **** 	CyDelayUs(1500u); /* Wait to stabilize */
 200:Generated_Source\PSoC4/cyfitter_cfg.c **** 
 201:Generated_Source\PSoC4/cyfitter_cfg.c **** 	/* Setup phase aligned clocks */
 202:Generated_Source\PSoC4/cyfitter_cfg.c **** 
ARM GAS  C:\Users\alex\AppData\Local\Temp\ccmm0NNI.s 			page 5


 203:Generated_Source\PSoC4/cyfitter_cfg.c **** 	/* CYDEV_CLK_IMO_CONFIG Starting address: CYDEV_CLK_IMO_CONFIG */
 204:Generated_Source\PSoC4/cyfitter_cfg.c **** 	CY_SET_REG32((void *)(CYREG_CLK_IMO_CONFIG), 0x80000000u);
 205:Generated_Source\PSoC4/cyfitter_cfg.c **** 
 206:Generated_Source\PSoC4/cyfitter_cfg.c **** 	/* CYDEV_CLK_SELECT Starting address: CYDEV_CLK_SELECT */
 207:Generated_Source\PSoC4/cyfitter_cfg.c **** 	CY_SET_REG32((void *)(CYREG_CLK_SELECT), 0x00040000u);
 208:Generated_Source\PSoC4/cyfitter_cfg.c **** 
 209:Generated_Source\PSoC4/cyfitter_cfg.c **** 	(void)CyIntSetVector(8u, &CySysWdtIsr);
 210:Generated_Source\PSoC4/cyfitter_cfg.c **** 	CyIntEnable(8u);
 211:Generated_Source\PSoC4/cyfitter_cfg.c **** 	CY_SET_REG32((void *)(CYREG_WDT_CONFIG), 0x40000000u);
 212:Generated_Source\PSoC4/cyfitter_cfg.c **** }
 213:Generated_Source\PSoC4/cyfitter_cfg.c **** 
 214:Generated_Source\PSoC4/cyfitter_cfg.c **** 
 215:Generated_Source\PSoC4/cyfitter_cfg.c **** /* Analog API Functions */
 216:Generated_Source\PSoC4/cyfitter_cfg.c **** 
 217:Generated_Source\PSoC4/cyfitter_cfg.c **** 
 218:Generated_Source\PSoC4/cyfitter_cfg.c **** /*******************************************************************************
 219:Generated_Source\PSoC4/cyfitter_cfg.c **** * Function Name: AnalogSetDefault
 220:Generated_Source\PSoC4/cyfitter_cfg.c **** ********************************************************************************
 221:Generated_Source\PSoC4/cyfitter_cfg.c **** *
 222:Generated_Source\PSoC4/cyfitter_cfg.c **** * Summary:
 223:Generated_Source\PSoC4/cyfitter_cfg.c **** *  Sets up the analog portions of the chip to default values based on chip
 224:Generated_Source\PSoC4/cyfitter_cfg.c **** *  configuration options from the project.
 225:Generated_Source\PSoC4/cyfitter_cfg.c **** *
 226:Generated_Source\PSoC4/cyfitter_cfg.c **** * Parameters:
 227:Generated_Source\PSoC4/cyfitter_cfg.c **** *  void
 228:Generated_Source\PSoC4/cyfitter_cfg.c **** *
 229:Generated_Source\PSoC4/cyfitter_cfg.c **** * Return:
 230:Generated_Source\PSoC4/cyfitter_cfg.c **** *  void
 231:Generated_Source\PSoC4/cyfitter_cfg.c **** *
 232:Generated_Source\PSoC4/cyfitter_cfg.c **** *******************************************************************************/
 233:Generated_Source\PSoC4/cyfitter_cfg.c **** static void AnalogSetDefault(void);
 234:Generated_Source\PSoC4/cyfitter_cfg.c **** static void AnalogSetDefault(void)
 235:Generated_Source\PSoC4/cyfitter_cfg.c **** {
  27              		.loc 1 235 0
  28              		.cfi_startproc
  29              		@ args = 0, pretend = 0, frame = 0
  30              		@ frame_needed = 0, uses_anonymous_args = 0
  31              		@ link register save eliminated.
 236:Generated_Source\PSoC4/cyfitter_cfg.c **** 	CY_SET_XTND_REG32((void CYFAR *)CYREG_CTBM0_DFT_CTRL, 0x00000003u);
  32              		.loc 1 236 0
  33 0000 0323     		movs	r3, #3
  34 0002 044A     		ldr	r2, .L2
  35 0004 1360     		str	r3, [r2]
 237:Generated_Source\PSoC4/cyfitter_cfg.c **** 	CY_SET_XTND_REG32((void CYFAR *)CYREG_CTBM1_DFT_CTRL, 0x00000003u);
  36              		.loc 1 237 0
  37 0006 044A     		ldr	r2, .L2+4
  38 0008 1360     		str	r3, [r2]
 238:Generated_Source\PSoC4/cyfitter_cfg.c **** 	CY_SET_XTND_REG32((void CYFAR *)CYREG_PASS_DSAB_DSAB_CTRL, 0x00000000u);
  39              		.loc 1 238 0
  40 000a 0022     		movs	r2, #0
  41 000c 034B     		ldr	r3, .L2+8
  42 000e 1A60     		str	r2, [r3]
 239:Generated_Source\PSoC4/cyfitter_cfg.c **** }
  43              		.loc 1 239 0
  44              		@ sp needed
  45 0010 7047     		bx	lr
  46              	.L3:
ARM GAS  C:\Users\alex\AppData\Local\Temp\ccmm0NNI.s 			page 6


  47 0012 C046     		.align	2
  48              	.L2:
  49 0014 30003040 		.word	1076887600
  50 0018 30003140 		.word	1076953136
  51 001c 000E3F40 		.word	1077874176
  52              		.cfi_endproc
  53              	.LFE6:
  54              		.size	AnalogSetDefault, .-AnalogSetDefault
  55              		.section	.text.CYMEMZERO,"ax",%progbits
  56              		.align	2
  57              		.code	16
  58              		.thumb_func
  59              		.type	CYMEMZERO, %function
  60              	CYMEMZERO:
  61              	.LFB2:
  77:Generated_Source\PSoC4/cyfitter_cfg.c **** 	(void)memset(s, 0, n);
  62              		.loc 1 77 0
  63              		.cfi_startproc
  64              		@ args = 0, pretend = 0, frame = 0
  65              		@ frame_needed = 0, uses_anonymous_args = 0
  66              	.LVL0:
  67 0000 10B5     		push	{r4, lr}
  68              		.cfi_def_cfa_offset 8
  69              		.cfi_offset 4, -8
  70              		.cfi_offset 14, -4
  71 0002 0A00     		movs	r2, r1
  78:Generated_Source\PSoC4/cyfitter_cfg.c **** }
  72              		.loc 1 78 0
  73 0004 0021     		movs	r1, #0
  74              	.LVL1:
  75 0006 FFF7FEFF 		bl	memset
  76              	.LVL2:
  79:Generated_Source\PSoC4/cyfitter_cfg.c **** CY_CFG_UNUSED
  77              		.loc 1 79 0
  78              		@ sp needed
  79 000a 10BD     		pop	{r4, pc}
  80              		.cfi_endproc
  81              	.LFE2:
  82              		.size	CYMEMZERO, .-CYMEMZERO
  83              		.section	.psocinit,"ax",%progbits
  84              		.align	2
  85              		.code	16
  86              		.thumb_func
  87              		.type	ClockSetup, %function
  88              	ClockSetup:
  89              	.LFB5:
 171:Generated_Source\PSoC4/cyfitter_cfg.c **** 
  90              		.loc 1 171 0
  91              		.cfi_startproc
  92              		@ args = 0, pretend = 0, frame = 0
  93              		@ frame_needed = 0, uses_anonymous_args = 0
  94 0000 70B5     		push	{r4, r5, r6, lr}
  95              		.cfi_def_cfa_offset 16
  96              		.cfi_offset 4, -16
  97              		.cfi_offset 5, -12
  98              		.cfi_offset 6, -8
  99              		.cfi_offset 14, -4
ARM GAS  C:\Users\alex\AppData\Local\Temp\ccmm0NNI.s 			page 7


 174:Generated_Source\PSoC4/cyfitter_cfg.c **** 
 100              		.loc 1 174 0
 101 0002 1222     		movs	r2, #18
 102 0004 1D4B     		ldr	r3, .L6
 103 0006 1A60     		str	r2, [r3]
 177:Generated_Source\PSoC4/cyfitter_cfg.c **** 	CyDelayCycles(12000000u); /* WCO may take up to 500ms to start */
 104              		.loc 1 177 0
 105 0008 FFF7FEFF 		bl	CySysClkWcoStart
 106              	.LVL3:
 178:Generated_Source\PSoC4/cyfitter_cfg.c **** 	(void)CySysClkWcoSetPowerMode(CY_SYS_CLK_WCO_LPM);    /* Switch to the low power mode */
 107              		.loc 1 178 0
 108 000c 1C48     		ldr	r0, .L6+4
 109 000e FFF7FEFF 		bl	CyDelayCycles
 110              	.LVL4:
 179:Generated_Source\PSoC4/cyfitter_cfg.c **** 
 111              		.loc 1 179 0
 112 0012 0120     		movs	r0, #1
 113 0014 FFF7FEFF 		bl	CySysClkWcoSetPowerMode
 114              	.LVL5:
 182:Generated_Source\PSoC4/cyfitter_cfg.c **** 	/* CYDEV_CLK_ILO_CONFIG Starting address: CYDEV_CLK_ILO_CONFIG */
 115              		.loc 1 182 0
 116 0018 3020     		movs	r0, #48
 117 001a FFF7FEFF 		bl	CySysClkWriteImoFreq
 118              	.LVL6:
 184:Generated_Source\PSoC4/cyfitter_cfg.c **** 
 119              		.loc 1 184 0
 120 001e 194A     		ldr	r2, .L6+8
 121 0020 194B     		ldr	r3, .L6+12
 122 0022 1A60     		str	r2, [r3]
 187:Generated_Source\PSoC4/cyfitter_cfg.c **** 
 123              		.loc 1 187 0
 124 0024 194C     		ldr	r4, .L6+16
 125 0026 8025     		movs	r5, #128
 126 0028 ED05     		lsls	r5, r5, #23
 127 002a 2560     		str	r5, [r4]
 191:Generated_Source\PSoC4/cyfitter_cfg.c **** 	CY_SET_REG32((void *)(CYREG_BLE_BLERD_BB_XO_CAPTRIM), 0x00003E2Du);
 128              		.loc 1 191 0
 129 002c 184A     		ldr	r2, .L6+20
 130 002e 1168     		ldr	r1, [r2]
 131 0030 0223     		movs	r3, #2
 132 0032 0B43     		orrs	r3, r1
 133 0034 1360     		str	r3, [r2]
 192:Generated_Source\PSoC4/cyfitter_cfg.c **** 	/*Set XTAL(ECO) divider*/
 134              		.loc 1 192 0
 135 0036 174A     		ldr	r2, .L6+24
 136 0038 174B     		ldr	r3, .L6+28
 137 003a 1A60     		str	r2, [r3]
 194:Generated_Source\PSoC4/cyfitter_cfg.c **** 	/* Disable Crystal Stable Interrupt before enabling ECO */
 138              		.loc 1 194 0
 139 003c 0022     		movs	r2, #0
 140 003e 174B     		ldr	r3, .L6+32
 141 0040 1A60     		str	r2, [r3]
 196:Generated_Source\PSoC4/cyfitter_cfg.c **** 	/* Start the ECO and do not check status since it is not needed for HFCLK */
 142              		.loc 1 196 0
 143 0042 174A     		ldr	r2, .L6+36
 144 0044 1368     		ldr	r3, [r2]
 145 0046 0821     		movs	r1, #8
ARM GAS  C:\Users\alex\AppData\Local\Temp\ccmm0NNI.s 			page 8


 146 0048 8B43     		bics	r3, r1
 147 004a 1360     		str	r3, [r2]
 198:Generated_Source\PSoC4/cyfitter_cfg.c **** 	CyDelayUs(1500u); /* Wait to stabilize */
 148              		.loc 1 198 0
 149 004c FA20     		movs	r0, #250
 150 004e C000     		lsls	r0, r0, #3
 151 0050 FFF7FEFF 		bl	CySysClkEcoStart
 152              	.LVL7:
 199:Generated_Source\PSoC4/cyfitter_cfg.c **** 
 153              		.loc 1 199 0
 154 0054 1348     		ldr	r0, .L6+40
 155 0056 FFF7FEFF 		bl	CyDelayUs
 156              	.LVL8:
 204:Generated_Source\PSoC4/cyfitter_cfg.c **** 
 157              		.loc 1 204 0
 158 005a 8022     		movs	r2, #128
 159 005c 1206     		lsls	r2, r2, #24
 160 005e 124B     		ldr	r3, .L6+44
 161 0060 1A60     		str	r2, [r3]
 207:Generated_Source\PSoC4/cyfitter_cfg.c **** 
 162              		.loc 1 207 0
 163 0062 8022     		movs	r2, #128
 164 0064 D202     		lsls	r2, r2, #11
 165 0066 114B     		ldr	r3, .L6+48
 166 0068 1A60     		str	r2, [r3]
 209:Generated_Source\PSoC4/cyfitter_cfg.c **** 	CyIntEnable(8u);
 167              		.loc 1 209 0
 168 006a 1149     		ldr	r1, .L6+52
 169 006c 0820     		movs	r0, #8
 170 006e FFF7FEFF 		bl	CyIntSetVector
 171              	.LVL9:
 210:Generated_Source\PSoC4/cyfitter_cfg.c **** 	CY_SET_REG32((void *)(CYREG_WDT_CONFIG), 0x40000000u);
 172              		.loc 1 210 0
 173 0072 0820     		movs	r0, #8
 174 0074 FFF7FEFF 		bl	CyIntEnable
 175              	.LVL10:
 211:Generated_Source\PSoC4/cyfitter_cfg.c **** }
 176              		.loc 1 211 0
 177 0078 2560     		str	r5, [r4]
 212:Generated_Source\PSoC4/cyfitter_cfg.c **** 
 178              		.loc 1 212 0
 179              		@ sp needed
 180 007a 70BD     		pop	{r4, r5, r6, pc}
 181              	.L7:
 182              		.align	2
 183              	.L6:
 184 007c 30001040 		.word	1074790448
 185 0080 001BB700 		.word	12000000
 186 0084 06000080 		.word	-2147483642
 187 0088 04010B40 		.word	1074462980
 188 008c 0C020B40 		.word	1074463244
 189 0090 78002E40 		.word	1076756600
 190 0094 2D3E0000 		.word	15917
 191 0098 7C002E40 		.word	1076756604
 192 009c 64F02E40 		.word	1076818020
 193 00a0 6CF02E40 		.word	1076818028
 194 00a4 DC050000 		.word	1500
ARM GAS  C:\Users\alex\AppData\Local\Temp\ccmm0NNI.s 			page 9


 195 00a8 08010B40 		.word	1074462984
 196 00ac 00010B40 		.word	1074462976
 197 00b0 00000000 		.word	CySysWdtIsr
 198              		.cfi_endproc
 199              	.LFE5:
 200              		.size	ClockSetup, .-ClockSetup
 201              		.align	2
 202              		.global	cyfitter_cfg
 203              		.code	16
 204              		.thumb_func
 205              		.type	cyfitter_cfg, %function
 206              	cyfitter_cfg:
 207              	.LFB7:
 240:Generated_Source\PSoC4/cyfitter_cfg.c **** 
 241:Generated_Source\PSoC4/cyfitter_cfg.c **** 
 242:Generated_Source\PSoC4/cyfitter_cfg.c **** 
 243:Generated_Source\PSoC4/cyfitter_cfg.c **** 
 244:Generated_Source\PSoC4/cyfitter_cfg.c **** /*******************************************************************************
 245:Generated_Source\PSoC4/cyfitter_cfg.c **** * Function Name: cyfitter_cfg
 246:Generated_Source\PSoC4/cyfitter_cfg.c **** ********************************************************************************
 247:Generated_Source\PSoC4/cyfitter_cfg.c **** * Summary:
 248:Generated_Source\PSoC4/cyfitter_cfg.c **** *  This function is called by the start-up code for the selected device. It
 249:Generated_Source\PSoC4/cyfitter_cfg.c **** *  performs all of the necessary device configuration based on the design
 250:Generated_Source\PSoC4/cyfitter_cfg.c **** *  settings.  This includes settings from the Design Wide Resources (DWR) such
 251:Generated_Source\PSoC4/cyfitter_cfg.c **** *  as Clocks and Pins as well as any component configuration that is necessary.
 252:Generated_Source\PSoC4/cyfitter_cfg.c **** *
 253:Generated_Source\PSoC4/cyfitter_cfg.c **** * Parameters:
 254:Generated_Source\PSoC4/cyfitter_cfg.c **** *   void
 255:Generated_Source\PSoC4/cyfitter_cfg.c **** *
 256:Generated_Source\PSoC4/cyfitter_cfg.c **** * Return:
 257:Generated_Source\PSoC4/cyfitter_cfg.c **** *   void
 258:Generated_Source\PSoC4/cyfitter_cfg.c **** *
 259:Generated_Source\PSoC4/cyfitter_cfg.c **** *******************************************************************************/
 260:Generated_Source\PSoC4/cyfitter_cfg.c **** CY_CFG_SECTION
 261:Generated_Source\PSoC4/cyfitter_cfg.c **** void cyfitter_cfg(void)
 262:Generated_Source\PSoC4/cyfitter_cfg.c **** {
 208              		.loc 1 262 0
 209              		.cfi_startproc
 210              		@ args = 0, pretend = 0, frame = 0
 211              		@ frame_needed = 0, uses_anonymous_args = 0
 212 00b4 10B5     		push	{r4, lr}
 213              		.cfi_def_cfa_offset 8
 214              		.cfi_offset 4, -8
 215              		.cfi_offset 14, -4
 263:Generated_Source\PSoC4/cyfitter_cfg.c **** 	/* Disable interrupts by default. Let user enable if/when they want. */
 264:Generated_Source\PSoC4/cyfitter_cfg.c **** 	CyGlobalIntDisable;
 216              		.loc 1 264 0
 217              		.syntax divided
 218              	@ 264 "Generated_Source\PSoC4\cyfitter_cfg.c" 1
 219 00b6 72B6     		CPSID   i
 220              	@ 0 "" 2
 265:Generated_Source\PSoC4/cyfitter_cfg.c **** 
 266:Generated_Source\PSoC4/cyfitter_cfg.c **** 	CY_SET_REG32((void *)(CYREG_BLE_BLESS_LL_DSM_CTRL), 0x00000000u);
 221              		.loc 1 266 0
 222              		.thumb
 223              		.syntax unified
 224 00b8 0022     		movs	r2, #0
ARM GAS  C:\Users\alex\AppData\Local\Temp\ccmm0NNI.s 			page 10


 225 00ba 194B     		ldr	r3, .L11
 226 00bc 1A60     		str	r2, [r3]
 227              	.LVL11:
 228              	.LBB2:
 267:Generated_Source\PSoC4/cyfitter_cfg.c **** 
 268:Generated_Source\PSoC4/cyfitter_cfg.c **** 	{
 269:Generated_Source\PSoC4/cyfitter_cfg.c **** 
 270:Generated_Source\PSoC4/cyfitter_cfg.c **** 		CYPACKED typedef struct {
 271:Generated_Source\PSoC4/cyfitter_cfg.c **** 			void CYFAR *address;
 272:Generated_Source\PSoC4/cyfitter_cfg.c **** 			uint16 size;
 273:Generated_Source\PSoC4/cyfitter_cfg.c **** 		} CYPACKED_ATTR cfg_memset_t;
 274:Generated_Source\PSoC4/cyfitter_cfg.c **** 
 275:Generated_Source\PSoC4/cyfitter_cfg.c **** 		static const cfg_memset_t CYCODE cfg_memset_list[] = {
 276:Generated_Source\PSoC4/cyfitter_cfg.c **** 			/* address, size */
 277:Generated_Source\PSoC4/cyfitter_cfg.c **** 			{(void CYFAR *)(CYDEV_UDB_P0_U0_BASE), 1024u},
 278:Generated_Source\PSoC4/cyfitter_cfg.c **** 			{(void CYFAR *)(CYDEV_UDB_DSI0_BASE), 1024u},
 279:Generated_Source\PSoC4/cyfitter_cfg.c **** 		};
 280:Generated_Source\PSoC4/cyfitter_cfg.c **** 
 281:Generated_Source\PSoC4/cyfitter_cfg.c **** 		uint8 CYDATA i;
 282:Generated_Source\PSoC4/cyfitter_cfg.c **** 
 283:Generated_Source\PSoC4/cyfitter_cfg.c **** 		/* Zero out critical memory blocks before beginning configuration */
 284:Generated_Source\PSoC4/cyfitter_cfg.c **** 		for (i = 0u; i < (sizeof(cfg_memset_list)/sizeof(cfg_memset_list[0])); i++)
 229              		.loc 1 284 0
 230 00be 0024     		movs	r4, #0
 231 00c0 0FE0     		b	.L9
 232              	.LVL12:
 233              	.L10:
 234              	.LBB3:
 285:Generated_Source\PSoC4/cyfitter_cfg.c **** 		{
 286:Generated_Source\PSoC4/cyfitter_cfg.c **** 			const cfg_memset_t CYCODE * CYDATA ms = &cfg_memset_list[i];
 287:Generated_Source\PSoC4/cyfitter_cfg.c **** 			CYMEMZERO(ms->address, (size_t)(uint32)(ms->size));
 235              		.loc 1 287 0 discriminator 3
 236 00c2 1848     		ldr	r0, .L11+4
 237 00c4 6200     		lsls	r2, r4, #1
 238 00c6 1319     		adds	r3, r2, r4
 239 00c8 5900     		lsls	r1, r3, #1
 240 00ca 0B00     		movs	r3, r1
 241 00cc 4118     		adds	r1, r0, r1
 242 00ce 8988     		ldrh	r1, [r1, #4]
 243 00d0 1A5A     		ldrh	r2, [r3, r0]
 244 00d2 C318     		adds	r3, r0, r3
 245 00d4 5888     		ldrh	r0, [r3, #2]
 246 00d6 0004     		lsls	r0, r0, #16
 247 00d8 1043     		orrs	r0, r2
 248 00da FFF7FEFF 		bl	CYMEMZERO
 249              	.LVL13:
 250              	.LBE3:
 284:Generated_Source\PSoC4/cyfitter_cfg.c **** 		{
 251              		.loc 1 284 0 discriminator 3
 252 00de 0134     		adds	r4, r4, #1
 253              	.LVL14:
 254 00e0 E4B2     		uxtb	r4, r4
 255              	.LVL15:
 256              	.L9:
 284:Generated_Source\PSoC4/cyfitter_cfg.c **** 		{
 257              		.loc 1 284 0 is_stmt 0 discriminator 1
 258 00e2 012C     		cmp	r4, #1
ARM GAS  C:\Users\alex\AppData\Local\Temp\ccmm0NNI.s 			page 11


 259 00e4 EDD9     		bls	.L10
 288:Generated_Source\PSoC4/cyfitter_cfg.c **** 		}
 289:Generated_Source\PSoC4/cyfitter_cfg.c **** 
 290:Generated_Source\PSoC4/cyfitter_cfg.c **** 		/* HSIOM Starting address: CYDEV_HSIOM_BASE */
 291:Generated_Source\PSoC4/cyfitter_cfg.c **** 		CY_SET_REG32((void *)(CYDEV_HSIOM_BASE), 0xEE000000u);
 260              		.loc 1 291 0 is_stmt 1
 261 00e6 EE22     		movs	r2, #238
 262 00e8 1206     		lsls	r2, r2, #24
 263 00ea 0F4B     		ldr	r3, .L11+8
 264 00ec 1A60     		str	r2, [r3]
 292:Generated_Source\PSoC4/cyfitter_cfg.c **** 
 293:Generated_Source\PSoC4/cyfitter_cfg.c **** 		/* UDB_PA_0 Starting address: CYDEV_UDB_PA0_BASE */
 294:Generated_Source\PSoC4/cyfitter_cfg.c **** 		CY_SET_REG32((void *)(CYDEV_UDB_PA0_BASE), 0x00990000u);
 265              		.loc 1 294 0
 266 00ee 9923     		movs	r3, #153
 267 00f0 1B04     		lsls	r3, r3, #16
 268 00f2 0E4A     		ldr	r2, .L11+12
 269 00f4 1360     		str	r3, [r2]
 295:Generated_Source\PSoC4/cyfitter_cfg.c **** 
 296:Generated_Source\PSoC4/cyfitter_cfg.c **** 		/* UDB_PA_2 Starting address: CYDEV_UDB_PA2_BASE */
 297:Generated_Source\PSoC4/cyfitter_cfg.c **** 		CY_SET_REG32((void *)(CYDEV_UDB_PA2_BASE), 0x00990000u);
 270              		.loc 1 297 0
 271 00f6 0E4A     		ldr	r2, .L11+16
 272 00f8 1360     		str	r3, [r2]
 298:Generated_Source\PSoC4/cyfitter_cfg.c **** 
 299:Generated_Source\PSoC4/cyfitter_cfg.c **** 		/* Enable digital routing */
 300:Generated_Source\PSoC4/cyfitter_cfg.c **** 		CY_SET_XTND_REG8((void *)CYREG_UDB_UDBIF_BANK_CTL, (uint8)(CY_GET_XTND_REG8((void *)CYREG_UDB_UDB
 273              		.loc 1 300 0
 274 00fa 0E4A     		ldr	r2, .L11+20
 275 00fc 1178     		ldrb	r1, [r2]
 276 00fe 0623     		movs	r3, #6
 277 0100 0B43     		orrs	r3, r1
 278 0102 DBB2     		uxtb	r3, r3
 279 0104 1370     		strb	r3, [r2]
 280              	.LBE2:
 301:Generated_Source\PSoC4/cyfitter_cfg.c **** 	}
 302:Generated_Source\PSoC4/cyfitter_cfg.c **** 
 303:Generated_Source\PSoC4/cyfitter_cfg.c **** 	/* Perform second pass device configuration. These items must be configured in specific order afte
 304:Generated_Source\PSoC4/cyfitter_cfg.c **** 	/* IOPINS0_0 Starting address: CYDEV_GPIO_PRT0_BASE */
 305:Generated_Source\PSoC4/cyfitter_cfg.c **** 	CY_SET_REG32((void *)(CYREG_GPIO_PRT0_PC), 0x00D80000u);
 281              		.loc 1 305 0
 282 0106 D822     		movs	r2, #216
 283 0108 1204     		lsls	r2, r2, #16
 284 010a 0B4B     		ldr	r3, .L11+24
 285 010c 1A60     		str	r2, [r3]
 306:Generated_Source\PSoC4/cyfitter_cfg.c **** 
 307:Generated_Source\PSoC4/cyfitter_cfg.c **** 	/* IOPINS0_2 Starting address: CYDEV_GPIO_PRT2_BASE */
 308:Generated_Source\PSoC4/cyfitter_cfg.c **** 	CY_SET_REG32((void *)(CYREG_GPIO_PRT2_PC), 0x00000030u);
 286              		.loc 1 308 0
 287 010e 3022     		movs	r2, #48
 288 0110 0A4B     		ldr	r3, .L11+28
 289 0112 1A60     		str	r2, [r3]
 309:Generated_Source\PSoC4/cyfitter_cfg.c **** 
 310:Generated_Source\PSoC4/cyfitter_cfg.c **** 
 311:Generated_Source\PSoC4/cyfitter_cfg.c **** 	/* Setup clocks based on selections from Clock DWR */
 312:Generated_Source\PSoC4/cyfitter_cfg.c **** 	ClockSetup();
 290              		.loc 1 312 0
ARM GAS  C:\Users\alex\AppData\Local\Temp\ccmm0NNI.s 			page 12


 291 0114 FFF774FF 		bl	ClockSetup
 292              	.LVL16:
 313:Generated_Source\PSoC4/cyfitter_cfg.c **** 
 314:Generated_Source\PSoC4/cyfitter_cfg.c **** 	/* Perform basic analog initialization to defaults */
 315:Generated_Source\PSoC4/cyfitter_cfg.c **** 	AnalogSetDefault();
 293              		.loc 1 315 0
 294 0118 FFF7FEFF 		bl	AnalogSetDefault
 295              	.LVL17:
 316:Generated_Source\PSoC4/cyfitter_cfg.c **** 
 317:Generated_Source\PSoC4/cyfitter_cfg.c **** }
 296              		.loc 1 317 0
 297              		@ sp needed
 298              	.LVL18:
 299 011c 10BD     		pop	{r4, pc}
 300              	.L12:
 301 011e C046     		.align	2
 302              	.L11:
 303 0120 6CF02E40 		.word	1076818028
 304 0124 00000000 		.word	.LANCHOR0
 305 0128 00000240 		.word	1073872896
 306 012c 00500F40 		.word	1074745344
 307 0130 20500F40 		.word	1074745376
 308 0134 00700F40 		.word	1074753536
 309 0138 08000440 		.word	1074003976
 310 013c 08020440 		.word	1074004488
 311              		.cfi_endproc
 312              	.LFE7:
 313              		.size	cyfitter_cfg, .-cyfitter_cfg
 314              		.section	.rodata
 315              		.align	2
 316              		.set	.LANCHOR0,. + 0
 317              		.type	cfg_memset_list.4893, %object
 318              		.size	cfg_memset_list.4893, 12
 319              	cfg_memset_list.4893:
 320 0000 00300F40 		.word	1074737152
 321 0004 0004     		.short	1024
 322 0006 00400F40 		.4byte	1074741248
 323 000a 0004     		.short	1024
 324              		.text
 325              	.Letext0:
 326              		.file 2 "c:\\program files (x86)\\cypress\\psoc creator\\4.4\\psoc creator\\import\\gnu\\arm\\5.4.
 327              		.file 3 "Generated_Source\\PSoC4\\cytypes.h"
 328              		.file 4 "Generated_Source\\PSoC4\\CyLFClk.h"
 329              		.file 5 "Generated_Source\\PSoC4\\CyLib.h"
 330              		.section	.debug_info,"",%progbits
 331              	.Ldebug_info0:
 332 0000 29030000 		.4byte	0x329
 333 0004 0400     		.2byte	0x4
 334 0006 00000000 		.4byte	.Ldebug_abbrev0
 335 000a 04       		.byte	0x4
 336 000b 01       		.uleb128 0x1
 337 000c 79010000 		.4byte	.LASF34
 338 0010 0C       		.byte	0xc
 339 0011 8B020000 		.4byte	.LASF35
 340 0015 69000000 		.4byte	.LASF36
 341 0019 00000000 		.4byte	.Ldebug_ranges0+0
 342 001d 00000000 		.4byte	0
ARM GAS  C:\Users\alex\AppData\Local\Temp\ccmm0NNI.s 			page 13


 343 0021 00000000 		.4byte	.Ldebug_line0
 344 0025 02       		.uleb128 0x2
 345 0026 04       		.byte	0x4
 346 0027 05       		.byte	0x5
 347 0028 696E7400 		.ascii	"int\000"
 348 002c 03       		.uleb128 0x3
 349 002d 14000000 		.4byte	.LASF12
 350 0031 02       		.byte	0x2
 351 0032 D8       		.byte	0xd8
 352 0033 37000000 		.4byte	0x37
 353 0037 04       		.uleb128 0x4
 354 0038 04       		.byte	0x4
 355 0039 07       		.byte	0x7
 356 003a 40010000 		.4byte	.LASF0
 357 003e 04       		.uleb128 0x4
 358 003f 08       		.byte	0x8
 359 0040 05       		.byte	0x5
 360 0041 1D020000 		.4byte	.LASF1
 361 0045 04       		.uleb128 0x4
 362 0046 08       		.byte	0x8
 363 0047 04       		.byte	0x4
 364 0048 73020000 		.4byte	.LASF2
 365 004c 04       		.uleb128 0x4
 366 004d 01       		.byte	0x1
 367 004e 06       		.byte	0x6
 368 004f 7F020000 		.4byte	.LASF3
 369 0053 04       		.uleb128 0x4
 370 0054 01       		.byte	0x1
 371 0055 08       		.byte	0x8
 372 0056 0A010000 		.4byte	.LASF4
 373 005a 04       		.uleb128 0x4
 374 005b 02       		.byte	0x2
 375 005c 05       		.byte	0x5
 376 005d 4B020000 		.4byte	.LASF5
 377 0061 04       		.uleb128 0x4
 378 0062 02       		.byte	0x2
 379 0063 07       		.byte	0x7
 380 0064 56000000 		.4byte	.LASF6
 381 0068 04       		.uleb128 0x4
 382 0069 04       		.byte	0x4
 383 006a 05       		.byte	0x5
 384 006b 6A020000 		.4byte	.LASF7
 385 006f 04       		.uleb128 0x4
 386 0070 04       		.byte	0x4
 387 0071 07       		.byte	0x7
 388 0072 D7000000 		.4byte	.LASF8
 389 0076 04       		.uleb128 0x4
 390 0077 08       		.byte	0x8
 391 0078 07       		.byte	0x7
 392 0079 62010000 		.4byte	.LASF9
 393 007d 04       		.uleb128 0x4
 394 007e 04       		.byte	0x4
 395 007f 07       		.byte	0x7
 396 0080 14020000 		.4byte	.LASF10
 397 0084 05       		.uleb128 0x5
 398 0085 04       		.byte	0x4
 399 0086 04       		.uleb128 0x4
ARM GAS  C:\Users\alex\AppData\Local\Temp\ccmm0NNI.s 			page 14


 400 0087 01       		.byte	0x1
 401 0088 08       		.byte	0x8
 402 0089 35020000 		.4byte	.LASF11
 403 008d 06       		.uleb128 0x6
 404 008e E9000000 		.4byte	.LASF13
 405 0092 03       		.byte	0x3
 406 0093 FB01     		.2byte	0x1fb
 407 0095 53000000 		.4byte	0x53
 408 0099 06       		.uleb128 0x6
 409 009a 32010000 		.4byte	.LASF14
 410 009e 03       		.byte	0x3
 411 009f FC01     		.2byte	0x1fc
 412 00a1 61000000 		.4byte	0x61
 413 00a5 06       		.uleb128 0x6
 414 00a6 39010000 		.4byte	.LASF15
 415 00aa 03       		.byte	0x3
 416 00ab FD01     		.2byte	0x1fd
 417 00ad 6F000000 		.4byte	0x6f
 418 00b1 04       		.uleb128 0x4
 419 00b2 04       		.byte	0x4
 420 00b3 04       		.byte	0x4
 421 00b4 AF000000 		.4byte	.LASF16
 422 00b8 04       		.uleb128 0x4
 423 00b9 08       		.byte	0x8
 424 00ba 04       		.byte	0x4
 425 00bb 1F010000 		.4byte	.LASF17
 426 00bf 06       		.uleb128 0x6
 427 00c0 D2000000 		.4byte	.LASF18
 428 00c4 03       		.byte	0x3
 429 00c5 A502     		.2byte	0x2a5
 430 00c7 CB000000 		.4byte	0xcb
 431 00cb 07       		.uleb128 0x7
 432 00cc 8D000000 		.4byte	0x8d
 433 00d0 06       		.uleb128 0x6
 434 00d1 0E000000 		.4byte	.LASF19
 435 00d5 03       		.byte	0x3
 436 00d6 A702     		.2byte	0x2a7
 437 00d8 DC000000 		.4byte	0xdc
 438 00dc 07       		.uleb128 0x7
 439 00dd A5000000 		.4byte	0xa5
 440 00e1 08       		.uleb128 0x8
 441 00e2 1B000000 		.4byte	.LASF37
 442 00e6 01       		.byte	0x1
 443 00e7 EA       		.byte	0xea
 444 00e8 00000000 		.4byte	.LFB6
 445 00ec 20000000 		.4byte	.LFE6-.LFB6
 446 00f0 01       		.uleb128 0x1
 447 00f1 9C       		.byte	0x9c
 448 00f2 09       		.uleb128 0x9
 449 00f3 00010000 		.4byte	.LASF20
 450 00f7 01       		.byte	0x1
 451 00f8 4C       		.byte	0x4c
 452 00f9 00000000 		.4byte	.LFB2
 453 00fd 0C000000 		.4byte	.LFE2-.LFB2
 454 0101 01       		.uleb128 0x1
 455 0102 9C       		.byte	0x9c
 456 0103 3F010000 		.4byte	0x13f
ARM GAS  C:\Users\alex\AppData\Local\Temp\ccmm0NNI.s 			page 15


 457 0107 0A       		.uleb128 0xa
 458 0108 7300     		.ascii	"s\000"
 459 010a 01       		.byte	0x1
 460 010b 4C       		.byte	0x4c
 461 010c 84000000 		.4byte	0x84
 462 0110 00000000 		.4byte	.LLST0
 463 0114 0A       		.uleb128 0xa
 464 0115 6E00     		.ascii	"n\000"
 465 0117 01       		.byte	0x1
 466 0118 4C       		.byte	0x4c
 467 0119 2C000000 		.4byte	0x2c
 468 011d 21000000 		.4byte	.LLST1
 469 0121 0B       		.uleb128 0xb
 470 0122 0A000000 		.4byte	.LVL2
 471 0126 CB020000 		.4byte	0x2cb
 472 012a 0C       		.uleb128 0xc
 473 012b 01       		.uleb128 0x1
 474 012c 50       		.byte	0x50
 475 012d 03       		.uleb128 0x3
 476 012e F3       		.byte	0xf3
 477 012f 01       		.uleb128 0x1
 478 0130 50       		.byte	0x50
 479 0131 0C       		.uleb128 0xc
 480 0132 01       		.uleb128 0x1
 481 0133 51       		.byte	0x51
 482 0134 01       		.uleb128 0x1
 483 0135 30       		.byte	0x30
 484 0136 0C       		.uleb128 0xc
 485 0137 01       		.uleb128 0x1
 486 0138 52       		.byte	0x52
 487 0139 03       		.uleb128 0x3
 488 013a F3       		.byte	0xf3
 489 013b 01       		.uleb128 0x1
 490 013c 51       		.byte	0x51
 491 013d 00       		.byte	0
 492 013e 00       		.byte	0
 493 013f 09       		.uleb128 0x9
 494 0140 4B000000 		.4byte	.LASF21
 495 0144 01       		.byte	0x1
 496 0145 AA       		.byte	0xaa
 497 0146 00000000 		.4byte	.LFB5
 498 014a B4000000 		.4byte	.LFE5-.LFB5
 499 014e 01       		.uleb128 0x1
 500 014f 9C       		.byte	0x9c
 501 0150 E8010000 		.4byte	0x1e8
 502 0154 0D       		.uleb128 0xd
 503 0155 0C000000 		.4byte	.LVL3
 504 0159 D4020000 		.4byte	0x2d4
 505 015d 0E       		.uleb128 0xe
 506 015e 12000000 		.4byte	.LVL4
 507 0162 DF020000 		.4byte	0x2df
 508 0166 74010000 		.4byte	0x174
 509 016a 0C       		.uleb128 0xc
 510 016b 01       		.uleb128 0x1
 511 016c 50       		.byte	0x50
 512 016d 05       		.uleb128 0x5
 513 016e 0C       		.byte	0xc
ARM GAS  C:\Users\alex\AppData\Local\Temp\ccmm0NNI.s 			page 16


 514 016f 001BB700 		.4byte	0xb71b00
 515 0173 00       		.byte	0
 516 0174 0E       		.uleb128 0xe
 517 0175 18000000 		.4byte	.LVL5
 518 0179 EA020000 		.4byte	0x2ea
 519 017d 87010000 		.4byte	0x187
 520 0181 0C       		.uleb128 0xc
 521 0182 01       		.uleb128 0x1
 522 0183 50       		.byte	0x50
 523 0184 01       		.uleb128 0x1
 524 0185 31       		.byte	0x31
 525 0186 00       		.byte	0
 526 0187 0E       		.uleb128 0xe
 527 0188 1E000000 		.4byte	.LVL6
 528 018c F5020000 		.4byte	0x2f5
 529 0190 9B010000 		.4byte	0x19b
 530 0194 0C       		.uleb128 0xc
 531 0195 01       		.uleb128 0x1
 532 0196 50       		.byte	0x50
 533 0197 02       		.uleb128 0x2
 534 0198 08       		.byte	0x8
 535 0199 30       		.byte	0x30
 536 019a 00       		.byte	0
 537 019b 0E       		.uleb128 0xe
 538 019c 54000000 		.4byte	.LVL7
 539 01a0 00030000 		.4byte	0x300
 540 01a4 B0010000 		.4byte	0x1b0
 541 01a8 0C       		.uleb128 0xc
 542 01a9 01       		.uleb128 0x1
 543 01aa 50       		.byte	0x50
 544 01ab 03       		.uleb128 0x3
 545 01ac 0A       		.byte	0xa
 546 01ad D007     		.2byte	0x7d0
 547 01af 00       		.byte	0
 548 01b0 0E       		.uleb128 0xe
 549 01b1 5A000000 		.4byte	.LVL8
 550 01b5 0B030000 		.4byte	0x30b
 551 01b9 C5010000 		.4byte	0x1c5
 552 01bd 0C       		.uleb128 0xc
 553 01be 01       		.uleb128 0x1
 554 01bf 50       		.byte	0x50
 555 01c0 03       		.uleb128 0x3
 556 01c1 0A       		.byte	0xa
 557 01c2 DC05     		.2byte	0x5dc
 558 01c4 00       		.byte	0
 559 01c5 0E       		.uleb128 0xe
 560 01c6 72000000 		.4byte	.LVL9
 561 01ca 16030000 		.4byte	0x316
 562 01ce D8010000 		.4byte	0x1d8
 563 01d2 0C       		.uleb128 0xc
 564 01d3 01       		.uleb128 0x1
 565 01d4 50       		.byte	0x50
 566 01d5 01       		.uleb128 0x1
 567 01d6 38       		.byte	0x38
 568 01d7 00       		.byte	0
 569 01d8 0B       		.uleb128 0xb
 570 01d9 78000000 		.4byte	.LVL10
ARM GAS  C:\Users\alex\AppData\Local\Temp\ccmm0NNI.s 			page 17


 571 01dd 21030000 		.4byte	0x321
 572 01e1 0C       		.uleb128 0xc
 573 01e2 01       		.uleb128 0x1
 574 01e3 50       		.byte	0x50
 575 01e4 01       		.uleb128 0x1
 576 01e5 38       		.byte	0x38
 577 01e6 00       		.byte	0
 578 01e7 00       		.byte	0
 579 01e8 0F       		.uleb128 0xf
 580 01e9 4D010000 		.4byte	.LASF38
 581 01ed 01       		.byte	0x1
 582 01ee 0501     		.2byte	0x105
 583 01f0 B4000000 		.4byte	.LFB7
 584 01f4 8C000000 		.4byte	.LFE7-.LFB7
 585 01f8 01       		.uleb128 0x1
 586 01f9 9C       		.byte	0x9c
 587 01fa CB020000 		.4byte	0x2cb
 588 01fe 10       		.uleb128 0x10
 589 01ff BE000000 		.4byte	.LBB2
 590 0203 48000000 		.4byte	.LBE2-.LBB2
 591 0207 B8020000 		.4byte	0x2b8
 592 020b 11       		.uleb128 0x11
 593 020c 06       		.byte	0x6
 594 020d 01       		.byte	0x1
 595 020e 0E01     		.2byte	0x10e
 596 0210 2F020000 		.4byte	0x22f
 597 0214 12       		.uleb128 0x12
 598 0215 5A010000 		.4byte	.LASF22
 599 0219 01       		.byte	0x1
 600 021a 0F01     		.2byte	0x10f
 601 021c 84000000 		.4byte	0x84
 602 0220 00       		.byte	0
 603 0221 12       		.uleb128 0x12
 604 0222 B5000000 		.4byte	.LASF23
 605 0226 01       		.byte	0x1
 606 0227 1001     		.2byte	0x110
 607 0229 99000000 		.4byte	0x99
 608 022d 04       		.byte	0x4
 609 022e 00       		.byte	0
 610 022f 06       		.uleb128 0x6
 611 0230 07020000 		.4byte	.LASF24
 612 0234 01       		.byte	0x1
 613 0235 1101     		.2byte	0x111
 614 0237 0B020000 		.4byte	0x20b
 615 023b 13       		.uleb128 0x13
 616 023c 4B020000 		.4byte	0x24b
 617 0240 4B020000 		.4byte	0x24b
 618 0244 14       		.uleb128 0x14
 619 0245 7D000000 		.4byte	0x7d
 620 0249 01       		.byte	0x1
 621 024a 00       		.byte	0
 622 024b 15       		.uleb128 0x15
 623 024c 2F020000 		.4byte	0x22f
 624 0250 16       		.uleb128 0x16
 625 0251 3B000000 		.4byte	.LASF25
 626 0255 01       		.byte	0x1
 627 0256 1301     		.2byte	0x113
ARM GAS  C:\Users\alex\AppData\Local\Temp\ccmm0NNI.s 			page 18


 628 0258 62020000 		.4byte	0x262
 629 025c 05       		.uleb128 0x5
 630 025d 03       		.byte	0x3
 631 025e 00000000 		.4byte	cfg_memset_list.4893
 632 0262 15       		.uleb128 0x15
 633 0263 3B020000 		.4byte	0x23b
 634 0267 17       		.uleb128 0x17
 635 0268 6900     		.ascii	"i\000"
 636 026a 01       		.byte	0x1
 637 026b 1901     		.2byte	0x119
 638 026d 8D000000 		.4byte	0x8d
 639 0271 4D000000 		.4byte	.LLST2
 640 0275 18       		.uleb128 0x18
 641 0276 C2000000 		.4byte	.LBB3
 642 027a 1C000000 		.4byte	.LBE3-.LBB3
 643 027e 17       		.uleb128 0x17
 644 027f 6D7300   		.ascii	"ms\000"
 645 0282 01       		.byte	0x1
 646 0283 1E01     		.2byte	0x11e
 647 0285 8D020000 		.4byte	0x28d
 648 0289 77000000 		.4byte	.LLST3
 649 028d 19       		.uleb128 0x19
 650 028e 04       		.byte	0x4
 651 028f 4B020000 		.4byte	0x24b
 652 0293 0B       		.uleb128 0xb
 653 0294 DE000000 		.4byte	.LVL13
 654 0298 F2000000 		.4byte	0xf2
 655 029c 0C       		.uleb128 0xc
 656 029d 01       		.uleb128 0x1
 657 029e 51       		.byte	0x51
 658 029f 15       		.uleb128 0x15
 659 02a0 74       		.byte	0x74
 660 02a1 00       		.sleb128 0
 661 02a2 31       		.byte	0x31
 662 02a3 24       		.byte	0x24
 663 02a4 74       		.byte	0x74
 664 02a5 00       		.sleb128 0
 665 02a6 22       		.byte	0x22
 666 02a7 31       		.byte	0x31
 667 02a8 24       		.byte	0x24
 668 02a9 03       		.byte	0x3
 669 02aa 04000000 		.4byte	.LANCHOR0+4
 670 02ae 22       		.byte	0x22
 671 02af 94       		.byte	0x94
 672 02b0 02       		.byte	0x2
 673 02b1 0A       		.byte	0xa
 674 02b2 FFFF     		.2byte	0xffff
 675 02b4 1A       		.byte	0x1a
 676 02b5 00       		.byte	0
 677 02b6 00       		.byte	0
 678 02b7 00       		.byte	0
 679 02b8 0D       		.uleb128 0xd
 680 02b9 18010000 		.4byte	.LVL16
 681 02bd 3F010000 		.4byte	0x13f
 682 02c1 0D       		.uleb128 0xd
 683 02c2 1C010000 		.4byte	.LVL17
 684 02c6 E1000000 		.4byte	0xe1
ARM GAS  C:\Users\alex\AppData\Local\Temp\ccmm0NNI.s 			page 19


 685 02ca 00       		.byte	0
 686 02cb 1A       		.uleb128 0x1a
 687 02cc 18010000 		.4byte	.LASF39
 688 02d0 18010000 		.4byte	.LASF39
 689 02d4 1B       		.uleb128 0x1b
 690 02d5 EF000000 		.4byte	.LASF26
 691 02d9 EF000000 		.4byte	.LASF26
 692 02dd 04       		.byte	0x4
 693 02de 4E       		.byte	0x4e
 694 02df 1B       		.uleb128 0x1b
 695 02e0 00000000 		.4byte	.LASF27
 696 02e4 00000000 		.4byte	.LASF27
 697 02e8 05       		.byte	0x5
 698 02e9 EF       		.byte	0xef
 699 02ea 1B       		.uleb128 0x1b
 700 02eb BA000000 		.4byte	.LASF28
 701 02ef BA000000 		.4byte	.LASF28
 702 02f3 04       		.byte	0x4
 703 02f4 50       		.byte	0x50
 704 02f5 1B       		.uleb128 0x1b
 705 02f6 55020000 		.4byte	.LASF29
 706 02fa 55020000 		.4byte	.LASF29
 707 02fe 05       		.byte	0x5
 708 02ff 6C       		.byte	0x6c
 709 0300 1B       		.uleb128 0x1b
 710 0301 3A020000 		.4byte	.LASF30
 711 0305 3A020000 		.4byte	.LASF30
 712 0309 05       		.byte	0x5
 713 030a 84       		.byte	0x84
 714 030b 1B       		.uleb128 0x1b
 715 030c 2B020000 		.4byte	.LASF31
 716 0310 2B020000 		.4byte	.LASF31
 717 0314 05       		.byte	0x5
 718 0315 ED       		.byte	0xed
 719 0316 1B       		.uleb128 0x1b
 720 0317 2C000000 		.4byte	.LASF32
 721 031b 2C000000 		.4byte	.LASF32
 722 031f 05       		.byte	0x5
 723 0320 D0       		.byte	0xd0
 724 0321 1B       		.uleb128 0x1b
 725 0322 26010000 		.4byte	.LASF33
 726 0326 26010000 		.4byte	.LASF33
 727 032a 05       		.byte	0x5
 728 032b D6       		.byte	0xd6
 729 032c 00       		.byte	0
 730              		.section	.debug_abbrev,"",%progbits
 731              	.Ldebug_abbrev0:
 732 0000 01       		.uleb128 0x1
 733 0001 11       		.uleb128 0x11
 734 0002 01       		.byte	0x1
 735 0003 25       		.uleb128 0x25
 736 0004 0E       		.uleb128 0xe
 737 0005 13       		.uleb128 0x13
 738 0006 0B       		.uleb128 0xb
 739 0007 03       		.uleb128 0x3
 740 0008 0E       		.uleb128 0xe
 741 0009 1B       		.uleb128 0x1b
ARM GAS  C:\Users\alex\AppData\Local\Temp\ccmm0NNI.s 			page 20


 742 000a 0E       		.uleb128 0xe
 743 000b 55       		.uleb128 0x55
 744 000c 17       		.uleb128 0x17
 745 000d 11       		.uleb128 0x11
 746 000e 01       		.uleb128 0x1
 747 000f 10       		.uleb128 0x10
 748 0010 17       		.uleb128 0x17
 749 0011 00       		.byte	0
 750 0012 00       		.byte	0
 751 0013 02       		.uleb128 0x2
 752 0014 24       		.uleb128 0x24
 753 0015 00       		.byte	0
 754 0016 0B       		.uleb128 0xb
 755 0017 0B       		.uleb128 0xb
 756 0018 3E       		.uleb128 0x3e
 757 0019 0B       		.uleb128 0xb
 758 001a 03       		.uleb128 0x3
 759 001b 08       		.uleb128 0x8
 760 001c 00       		.byte	0
 761 001d 00       		.byte	0
 762 001e 03       		.uleb128 0x3
 763 001f 16       		.uleb128 0x16
 764 0020 00       		.byte	0
 765 0021 03       		.uleb128 0x3
 766 0022 0E       		.uleb128 0xe
 767 0023 3A       		.uleb128 0x3a
 768 0024 0B       		.uleb128 0xb
 769 0025 3B       		.uleb128 0x3b
 770 0026 0B       		.uleb128 0xb
 771 0027 49       		.uleb128 0x49
 772 0028 13       		.uleb128 0x13
 773 0029 00       		.byte	0
 774 002a 00       		.byte	0
 775 002b 04       		.uleb128 0x4
 776 002c 24       		.uleb128 0x24
 777 002d 00       		.byte	0
 778 002e 0B       		.uleb128 0xb
 779 002f 0B       		.uleb128 0xb
 780 0030 3E       		.uleb128 0x3e
 781 0031 0B       		.uleb128 0xb
 782 0032 03       		.uleb128 0x3
 783 0033 0E       		.uleb128 0xe
 784 0034 00       		.byte	0
 785 0035 00       		.byte	0
 786 0036 05       		.uleb128 0x5
 787 0037 0F       		.uleb128 0xf
 788 0038 00       		.byte	0
 789 0039 0B       		.uleb128 0xb
 790 003a 0B       		.uleb128 0xb
 791 003b 00       		.byte	0
 792 003c 00       		.byte	0
 793 003d 06       		.uleb128 0x6
 794 003e 16       		.uleb128 0x16
 795 003f 00       		.byte	0
 796 0040 03       		.uleb128 0x3
 797 0041 0E       		.uleb128 0xe
 798 0042 3A       		.uleb128 0x3a
ARM GAS  C:\Users\alex\AppData\Local\Temp\ccmm0NNI.s 			page 21


 799 0043 0B       		.uleb128 0xb
 800 0044 3B       		.uleb128 0x3b
 801 0045 05       		.uleb128 0x5
 802 0046 49       		.uleb128 0x49
 803 0047 13       		.uleb128 0x13
 804 0048 00       		.byte	0
 805 0049 00       		.byte	0
 806 004a 07       		.uleb128 0x7
 807 004b 35       		.uleb128 0x35
 808 004c 00       		.byte	0
 809 004d 49       		.uleb128 0x49
 810 004e 13       		.uleb128 0x13
 811 004f 00       		.byte	0
 812 0050 00       		.byte	0
 813 0051 08       		.uleb128 0x8
 814 0052 2E       		.uleb128 0x2e
 815 0053 00       		.byte	0
 816 0054 03       		.uleb128 0x3
 817 0055 0E       		.uleb128 0xe
 818 0056 3A       		.uleb128 0x3a
 819 0057 0B       		.uleb128 0xb
 820 0058 3B       		.uleb128 0x3b
 821 0059 0B       		.uleb128 0xb
 822 005a 27       		.uleb128 0x27
 823 005b 19       		.uleb128 0x19
 824 005c 11       		.uleb128 0x11
 825 005d 01       		.uleb128 0x1
 826 005e 12       		.uleb128 0x12
 827 005f 06       		.uleb128 0x6
 828 0060 40       		.uleb128 0x40
 829 0061 18       		.uleb128 0x18
 830 0062 9742     		.uleb128 0x2117
 831 0064 19       		.uleb128 0x19
 832 0065 00       		.byte	0
 833 0066 00       		.byte	0
 834 0067 09       		.uleb128 0x9
 835 0068 2E       		.uleb128 0x2e
 836 0069 01       		.byte	0x1
 837 006a 03       		.uleb128 0x3
 838 006b 0E       		.uleb128 0xe
 839 006c 3A       		.uleb128 0x3a
 840 006d 0B       		.uleb128 0xb
 841 006e 3B       		.uleb128 0x3b
 842 006f 0B       		.uleb128 0xb
 843 0070 27       		.uleb128 0x27
 844 0071 19       		.uleb128 0x19
 845 0072 11       		.uleb128 0x11
 846 0073 01       		.uleb128 0x1
 847 0074 12       		.uleb128 0x12
 848 0075 06       		.uleb128 0x6
 849 0076 40       		.uleb128 0x40
 850 0077 18       		.uleb128 0x18
 851 0078 9742     		.uleb128 0x2117
 852 007a 19       		.uleb128 0x19
 853 007b 01       		.uleb128 0x1
 854 007c 13       		.uleb128 0x13
 855 007d 00       		.byte	0
ARM GAS  C:\Users\alex\AppData\Local\Temp\ccmm0NNI.s 			page 22


 856 007e 00       		.byte	0
 857 007f 0A       		.uleb128 0xa
 858 0080 05       		.uleb128 0x5
 859 0081 00       		.byte	0
 860 0082 03       		.uleb128 0x3
 861 0083 08       		.uleb128 0x8
 862 0084 3A       		.uleb128 0x3a
 863 0085 0B       		.uleb128 0xb
 864 0086 3B       		.uleb128 0x3b
 865 0087 0B       		.uleb128 0xb
 866 0088 49       		.uleb128 0x49
 867 0089 13       		.uleb128 0x13
 868 008a 02       		.uleb128 0x2
 869 008b 17       		.uleb128 0x17
 870 008c 00       		.byte	0
 871 008d 00       		.byte	0
 872 008e 0B       		.uleb128 0xb
 873 008f 898201   		.uleb128 0x4109
 874 0092 01       		.byte	0x1
 875 0093 11       		.uleb128 0x11
 876 0094 01       		.uleb128 0x1
 877 0095 31       		.uleb128 0x31
 878 0096 13       		.uleb128 0x13
 879 0097 00       		.byte	0
 880 0098 00       		.byte	0
 881 0099 0C       		.uleb128 0xc
 882 009a 8A8201   		.uleb128 0x410a
 883 009d 00       		.byte	0
 884 009e 02       		.uleb128 0x2
 885 009f 18       		.uleb128 0x18
 886 00a0 9142     		.uleb128 0x2111
 887 00a2 18       		.uleb128 0x18
 888 00a3 00       		.byte	0
 889 00a4 00       		.byte	0
 890 00a5 0D       		.uleb128 0xd
 891 00a6 898201   		.uleb128 0x4109
 892 00a9 00       		.byte	0
 893 00aa 11       		.uleb128 0x11
 894 00ab 01       		.uleb128 0x1
 895 00ac 31       		.uleb128 0x31
 896 00ad 13       		.uleb128 0x13
 897 00ae 00       		.byte	0
 898 00af 00       		.byte	0
 899 00b0 0E       		.uleb128 0xe
 900 00b1 898201   		.uleb128 0x4109
 901 00b4 01       		.byte	0x1
 902 00b5 11       		.uleb128 0x11
 903 00b6 01       		.uleb128 0x1
 904 00b7 31       		.uleb128 0x31
 905 00b8 13       		.uleb128 0x13
 906 00b9 01       		.uleb128 0x1
 907 00ba 13       		.uleb128 0x13
 908 00bb 00       		.byte	0
 909 00bc 00       		.byte	0
 910 00bd 0F       		.uleb128 0xf
 911 00be 2E       		.uleb128 0x2e
 912 00bf 01       		.byte	0x1
ARM GAS  C:\Users\alex\AppData\Local\Temp\ccmm0NNI.s 			page 23


 913 00c0 3F       		.uleb128 0x3f
 914 00c1 19       		.uleb128 0x19
 915 00c2 03       		.uleb128 0x3
 916 00c3 0E       		.uleb128 0xe
 917 00c4 3A       		.uleb128 0x3a
 918 00c5 0B       		.uleb128 0xb
 919 00c6 3B       		.uleb128 0x3b
 920 00c7 05       		.uleb128 0x5
 921 00c8 27       		.uleb128 0x27
 922 00c9 19       		.uleb128 0x19
 923 00ca 11       		.uleb128 0x11
 924 00cb 01       		.uleb128 0x1
 925 00cc 12       		.uleb128 0x12
 926 00cd 06       		.uleb128 0x6
 927 00ce 40       		.uleb128 0x40
 928 00cf 18       		.uleb128 0x18
 929 00d0 9742     		.uleb128 0x2117
 930 00d2 19       		.uleb128 0x19
 931 00d3 01       		.uleb128 0x1
 932 00d4 13       		.uleb128 0x13
 933 00d5 00       		.byte	0
 934 00d6 00       		.byte	0
 935 00d7 10       		.uleb128 0x10
 936 00d8 0B       		.uleb128 0xb
 937 00d9 01       		.byte	0x1
 938 00da 11       		.uleb128 0x11
 939 00db 01       		.uleb128 0x1
 940 00dc 12       		.uleb128 0x12
 941 00dd 06       		.uleb128 0x6
 942 00de 01       		.uleb128 0x1
 943 00df 13       		.uleb128 0x13
 944 00e0 00       		.byte	0
 945 00e1 00       		.byte	0
 946 00e2 11       		.uleb128 0x11
 947 00e3 13       		.uleb128 0x13
 948 00e4 01       		.byte	0x1
 949 00e5 0B       		.uleb128 0xb
 950 00e6 0B       		.uleb128 0xb
 951 00e7 3A       		.uleb128 0x3a
 952 00e8 0B       		.uleb128 0xb
 953 00e9 3B       		.uleb128 0x3b
 954 00ea 05       		.uleb128 0x5
 955 00eb 01       		.uleb128 0x1
 956 00ec 13       		.uleb128 0x13
 957 00ed 00       		.byte	0
 958 00ee 00       		.byte	0
 959 00ef 12       		.uleb128 0x12
 960 00f0 0D       		.uleb128 0xd
 961 00f1 00       		.byte	0
 962 00f2 03       		.uleb128 0x3
 963 00f3 0E       		.uleb128 0xe
 964 00f4 3A       		.uleb128 0x3a
 965 00f5 0B       		.uleb128 0xb
 966 00f6 3B       		.uleb128 0x3b
 967 00f7 05       		.uleb128 0x5
 968 00f8 49       		.uleb128 0x49
 969 00f9 13       		.uleb128 0x13
ARM GAS  C:\Users\alex\AppData\Local\Temp\ccmm0NNI.s 			page 24


 970 00fa 38       		.uleb128 0x38
 971 00fb 0B       		.uleb128 0xb
 972 00fc 00       		.byte	0
 973 00fd 00       		.byte	0
 974 00fe 13       		.uleb128 0x13
 975 00ff 01       		.uleb128 0x1
 976 0100 01       		.byte	0x1
 977 0101 49       		.uleb128 0x49
 978 0102 13       		.uleb128 0x13
 979 0103 01       		.uleb128 0x1
 980 0104 13       		.uleb128 0x13
 981 0105 00       		.byte	0
 982 0106 00       		.byte	0
 983 0107 14       		.uleb128 0x14
 984 0108 21       		.uleb128 0x21
 985 0109 00       		.byte	0
 986 010a 49       		.uleb128 0x49
 987 010b 13       		.uleb128 0x13
 988 010c 2F       		.uleb128 0x2f
 989 010d 0B       		.uleb128 0xb
 990 010e 00       		.byte	0
 991 010f 00       		.byte	0
 992 0110 15       		.uleb128 0x15
 993 0111 26       		.uleb128 0x26
 994 0112 00       		.byte	0
 995 0113 49       		.uleb128 0x49
 996 0114 13       		.uleb128 0x13
 997 0115 00       		.byte	0
 998 0116 00       		.byte	0
 999 0117 16       		.uleb128 0x16
 1000 0118 34       		.uleb128 0x34
 1001 0119 00       		.byte	0
 1002 011a 03       		.uleb128 0x3
 1003 011b 0E       		.uleb128 0xe
 1004 011c 3A       		.uleb128 0x3a
 1005 011d 0B       		.uleb128 0xb
 1006 011e 3B       		.uleb128 0x3b
 1007 011f 05       		.uleb128 0x5
 1008 0120 49       		.uleb128 0x49
 1009 0121 13       		.uleb128 0x13
 1010 0122 02       		.uleb128 0x2
 1011 0123 18       		.uleb128 0x18
 1012 0124 00       		.byte	0
 1013 0125 00       		.byte	0
 1014 0126 17       		.uleb128 0x17
 1015 0127 34       		.uleb128 0x34
 1016 0128 00       		.byte	0
 1017 0129 03       		.uleb128 0x3
 1018 012a 08       		.uleb128 0x8
 1019 012b 3A       		.uleb128 0x3a
 1020 012c 0B       		.uleb128 0xb
 1021 012d 3B       		.uleb128 0x3b
 1022 012e 05       		.uleb128 0x5
 1023 012f 49       		.uleb128 0x49
 1024 0130 13       		.uleb128 0x13
 1025 0131 02       		.uleb128 0x2
 1026 0132 17       		.uleb128 0x17
ARM GAS  C:\Users\alex\AppData\Local\Temp\ccmm0NNI.s 			page 25


 1027 0133 00       		.byte	0
 1028 0134 00       		.byte	0
 1029 0135 18       		.uleb128 0x18
 1030 0136 0B       		.uleb128 0xb
 1031 0137 01       		.byte	0x1
 1032 0138 11       		.uleb128 0x11
 1033 0139 01       		.uleb128 0x1
 1034 013a 12       		.uleb128 0x12
 1035 013b 06       		.uleb128 0x6
 1036 013c 00       		.byte	0
 1037 013d 00       		.byte	0
 1038 013e 19       		.uleb128 0x19
 1039 013f 0F       		.uleb128 0xf
 1040 0140 00       		.byte	0
 1041 0141 0B       		.uleb128 0xb
 1042 0142 0B       		.uleb128 0xb
 1043 0143 49       		.uleb128 0x49
 1044 0144 13       		.uleb128 0x13
 1045 0145 00       		.byte	0
 1046 0146 00       		.byte	0
 1047 0147 1A       		.uleb128 0x1a
 1048 0148 2E       		.uleb128 0x2e
 1049 0149 00       		.byte	0
 1050 014a 3F       		.uleb128 0x3f
 1051 014b 19       		.uleb128 0x19
 1052 014c 3C       		.uleb128 0x3c
 1053 014d 19       		.uleb128 0x19
 1054 014e 6E       		.uleb128 0x6e
 1055 014f 0E       		.uleb128 0xe
 1056 0150 03       		.uleb128 0x3
 1057 0151 0E       		.uleb128 0xe
 1058 0152 00       		.byte	0
 1059 0153 00       		.byte	0
 1060 0154 1B       		.uleb128 0x1b
 1061 0155 2E       		.uleb128 0x2e
 1062 0156 00       		.byte	0
 1063 0157 3F       		.uleb128 0x3f
 1064 0158 19       		.uleb128 0x19
 1065 0159 3C       		.uleb128 0x3c
 1066 015a 19       		.uleb128 0x19
 1067 015b 6E       		.uleb128 0x6e
 1068 015c 0E       		.uleb128 0xe
 1069 015d 03       		.uleb128 0x3
 1070 015e 0E       		.uleb128 0xe
 1071 015f 3A       		.uleb128 0x3a
 1072 0160 0B       		.uleb128 0xb
 1073 0161 3B       		.uleb128 0x3b
 1074 0162 0B       		.uleb128 0xb
 1075 0163 00       		.byte	0
 1076 0164 00       		.byte	0
 1077 0165 00       		.byte	0
 1078              		.section	.debug_loc,"",%progbits
 1079              	.Ldebug_loc0:
 1080              	.LLST0:
 1081 0000 00000000 		.4byte	.LVL0
 1082 0004 09000000 		.4byte	.LVL2-1
 1083 0008 0100     		.2byte	0x1
ARM GAS  C:\Users\alex\AppData\Local\Temp\ccmm0NNI.s 			page 26


 1084 000a 50       		.byte	0x50
 1085 000b 09000000 		.4byte	.LVL2-1
 1086 000f 0C000000 		.4byte	.LFE2
 1087 0013 0400     		.2byte	0x4
 1088 0015 F3       		.byte	0xf3
 1089 0016 01       		.uleb128 0x1
 1090 0017 50       		.byte	0x50
 1091 0018 9F       		.byte	0x9f
 1092 0019 00000000 		.4byte	0
 1093 001d 00000000 		.4byte	0
 1094              	.LLST1:
 1095 0021 00000000 		.4byte	.LVL0
 1096 0025 06000000 		.4byte	.LVL1
 1097 0029 0100     		.2byte	0x1
 1098 002b 51       		.byte	0x51
 1099 002c 06000000 		.4byte	.LVL1
 1100 0030 09000000 		.4byte	.LVL2-1
 1101 0034 0100     		.2byte	0x1
 1102 0036 52       		.byte	0x52
 1103 0037 09000000 		.4byte	.LVL2-1
 1104 003b 0C000000 		.4byte	.LFE2
 1105 003f 0400     		.2byte	0x4
 1106 0041 F3       		.byte	0xf3
 1107 0042 01       		.uleb128 0x1
 1108 0043 51       		.byte	0x51
 1109 0044 9F       		.byte	0x9f
 1110 0045 00000000 		.4byte	0
 1111 0049 00000000 		.4byte	0
 1112              	.LLST2:
 1113 004d BE000000 		.4byte	.LVL11
 1114 0051 C2000000 		.4byte	.LVL12
 1115 0055 0200     		.2byte	0x2
 1116 0057 30       		.byte	0x30
 1117 0058 9F       		.byte	0x9f
 1118 0059 C2000000 		.4byte	.LVL12
 1119 005d E0000000 		.4byte	.LVL14
 1120 0061 0100     		.2byte	0x1
 1121 0063 54       		.byte	0x54
 1122 0064 E2000000 		.4byte	.LVL15
 1123 0068 1C010000 		.4byte	.LVL18
 1124 006c 0100     		.2byte	0x1
 1125 006e 54       		.byte	0x54
 1126 006f 00000000 		.4byte	0
 1127 0073 00000000 		.4byte	0
 1128              	.LLST3:
 1129 0077 C2000000 		.4byte	.LVL12
 1130 007b E0000000 		.4byte	.LVL14
 1131 007f 0B00     		.2byte	0xb
 1132 0081 74       		.byte	0x74
 1133 0082 00       		.sleb128 0
 1134 0083 36       		.byte	0x36
 1135 0084 1E       		.byte	0x1e
 1136 0085 03       		.byte	0x3
 1137 0086 00000000 		.4byte	cfg_memset_list.4893
 1138 008a 22       		.byte	0x22
 1139 008b 9F       		.byte	0x9f
 1140 008c E0000000 		.4byte	.LVL14
ARM GAS  C:\Users\alex\AppData\Local\Temp\ccmm0NNI.s 			page 27


 1141 0090 E2000000 		.4byte	.LVL15
 1142 0094 0B00     		.2byte	0xb
 1143 0096 74       		.byte	0x74
 1144 0097 7F       		.sleb128 -1
 1145 0098 36       		.byte	0x36
 1146 0099 1E       		.byte	0x1e
 1147 009a 03       		.byte	0x3
 1148 009b 00000000 		.4byte	cfg_memset_list.4893
 1149 009f 22       		.byte	0x22
 1150 00a0 9F       		.byte	0x9f
 1151 00a1 00000000 		.4byte	0
 1152 00a5 00000000 		.4byte	0
 1153              		.section	.debug_aranges,"",%progbits
 1154 0000 34000000 		.4byte	0x34
 1155 0004 0200     		.2byte	0x2
 1156 0006 00000000 		.4byte	.Ldebug_info0
 1157 000a 04       		.byte	0x4
 1158 000b 00       		.byte	0
 1159 000c 0000     		.2byte	0
 1160 000e 0000     		.2byte	0
 1161 0010 00000000 		.4byte	.LFB6
 1162 0014 20000000 		.4byte	.LFE6-.LFB6
 1163 0018 00000000 		.4byte	.LFB2
 1164 001c 0C000000 		.4byte	.LFE2-.LFB2
 1165 0020 00000000 		.4byte	.LFB5
 1166 0024 B4000000 		.4byte	.LFE5-.LFB5
 1167 0028 B4000000 		.4byte	.LFB7
 1168 002c 8C000000 		.4byte	.LFE7-.LFB7
 1169 0030 00000000 		.4byte	0
 1170 0034 00000000 		.4byte	0
 1171              		.section	.debug_ranges,"",%progbits
 1172              	.Ldebug_ranges0:
 1173 0000 00000000 		.4byte	.LFB6
 1174 0004 20000000 		.4byte	.LFE6
 1175 0008 00000000 		.4byte	.LFB2
 1176 000c 0C000000 		.4byte	.LFE2
 1177 0010 00000000 		.4byte	.LFB5
 1178 0014 B4000000 		.4byte	.LFE5
 1179 0018 B4000000 		.4byte	.LFB7
 1180 001c 40010000 		.4byte	.LFE7
 1181 0020 00000000 		.4byte	0
 1182 0024 00000000 		.4byte	0
 1183              		.section	.debug_line,"",%progbits
 1184              	.Ldebug_line0:
 1185 0000 55010000 		.section	.debug_str,"MS",%progbits,1
 1185      0200E300 
 1185      00000201 
 1185      FB0E0D00 
 1185      01010101 
 1186              	.LASF27:
 1187 0000 43794465 		.ascii	"CyDelayCycles\000"
 1187      6C617943 
 1187      79636C65 
 1187      7300
 1188              	.LASF19:
 1189 000e 72656733 		.ascii	"reg32\000"
 1189      3200
ARM GAS  C:\Users\alex\AppData\Local\Temp\ccmm0NNI.s 			page 28


 1190              	.LASF12:
 1191 0014 73697A65 		.ascii	"size_t\000"
 1191      5F7400
 1192              	.LASF37:
 1193 001b 416E616C 		.ascii	"AnalogSetDefault\000"
 1193      6F675365 
 1193      74446566 
 1193      61756C74 
 1193      00
 1194              	.LASF32:
 1195 002c 4379496E 		.ascii	"CyIntSetVector\000"
 1195      74536574 
 1195      56656374 
 1195      6F7200
 1196              	.LASF25:
 1197 003b 6366675F 		.ascii	"cfg_memset_list\000"
 1197      6D656D73 
 1197      65745F6C 
 1197      69737400 
 1198              	.LASF21:
 1199 004b 436C6F63 		.ascii	"ClockSetup\000"
 1199      6B536574 
 1199      757000
 1200              	.LASF6:
 1201 0056 73686F72 		.ascii	"short unsigned int\000"
 1201      7420756E 
 1201      7369676E 
 1201      65642069 
 1201      6E7400
 1202              	.LASF36:
 1203 0069 433A5C55 		.ascii	"C:\\Users\\alex\\Documents\\PSoC Creator\\WS2812B-P"
 1203      73657273 
 1203      5C616C65 
 1203      785C446F 
 1203      63756D65 
 1204 0097 524F432D 		.ascii	"ROC-TEST\\Design01.cydsn\000"
 1204      54455354 
 1204      5C446573 
 1204      69676E30 
 1204      312E6379 
 1205              	.LASF16:
 1206 00af 666C6F61 		.ascii	"float\000"
 1206      7400
 1207              	.LASF23:
 1208 00b5 73697A65 		.ascii	"size\000"
 1208      00
 1209              	.LASF28:
 1210 00ba 43795379 		.ascii	"CySysClkWcoSetPowerMode\000"
 1210      73436C6B 
 1210      57636F53 
 1210      6574506F 
 1210      7765724D 
 1211              	.LASF18:
 1212 00d2 72656738 		.ascii	"reg8\000"
 1212      00
 1213              	.LASF8:
 1214 00d7 6C6F6E67 		.ascii	"long unsigned int\000"
ARM GAS  C:\Users\alex\AppData\Local\Temp\ccmm0NNI.s 			page 29


 1214      20756E73 
 1214      69676E65 
 1214      6420696E 
 1214      7400
 1215              	.LASF13:
 1216 00e9 75696E74 		.ascii	"uint8\000"
 1216      3800
 1217              	.LASF26:
 1218 00ef 43795379 		.ascii	"CySysClkWcoStart\000"
 1218      73436C6B 
 1218      57636F53 
 1218      74617274 
 1218      00
 1219              	.LASF20:
 1220 0100 43594D45 		.ascii	"CYMEMZERO\000"
 1220      4D5A4552 
 1220      4F00
 1221              	.LASF4:
 1222 010a 756E7369 		.ascii	"unsigned char\000"
 1222      676E6564 
 1222      20636861 
 1222      7200
 1223              	.LASF39:
 1224 0118 6D656D73 		.ascii	"memset\000"
 1224      657400
 1225              	.LASF17:
 1226 011f 646F7562 		.ascii	"double\000"
 1226      6C6500
 1227              	.LASF33:
 1228 0126 4379496E 		.ascii	"CyIntEnable\000"
 1228      74456E61 
 1228      626C6500 
 1229              	.LASF14:
 1230 0132 75696E74 		.ascii	"uint16\000"
 1230      313600
 1231              	.LASF15:
 1232 0139 75696E74 		.ascii	"uint32\000"
 1232      333200
 1233              	.LASF0:
 1234 0140 756E7369 		.ascii	"unsigned int\000"
 1234      676E6564 
 1234      20696E74 
 1234      00
 1235              	.LASF38:
 1236 014d 63796669 		.ascii	"cyfitter_cfg\000"
 1236      74746572 
 1236      5F636667 
 1236      00
 1237              	.LASF22:
 1238 015a 61646472 		.ascii	"address\000"
 1238      65737300 
 1239              	.LASF9:
 1240 0162 6C6F6E67 		.ascii	"long long unsigned int\000"
 1240      206C6F6E 
 1240      6720756E 
 1240      7369676E 
 1240      65642069 
ARM GAS  C:\Users\alex\AppData\Local\Temp\ccmm0NNI.s 			page 30


 1241              	.LASF34:
 1242 0179 474E5520 		.ascii	"GNU C11 5.4.1 20160609 (release) [ARM/embedded-5-br"
 1242      43313120 
 1242      352E342E 
 1242      31203230 
 1242      31363036 
 1243 01ac 616E6368 		.ascii	"anch revision 237715] -mcpu=cortex-m0 -mthumb -g -O"
 1243      20726576 
 1243      6973696F 
 1243      6E203233 
 1243      37373135 
 1244 01df 67202D66 		.ascii	"g -ffunction-sections -ffat-lto-objects\000"
 1244      66756E63 
 1244      74696F6E 
 1244      2D736563 
 1244      74696F6E 
 1245              	.LASF24:
 1246 0207 6366675F 		.ascii	"cfg_memset_t\000"
 1246      6D656D73 
 1246      65745F74 
 1246      00
 1247              	.LASF10:
 1248 0214 73697A65 		.ascii	"sizetype\000"
 1248      74797065 
 1248      00
 1249              	.LASF1:
 1250 021d 6C6F6E67 		.ascii	"long long int\000"
 1250      206C6F6E 
 1250      6720696E 
 1250      7400
 1251              	.LASF31:
 1252 022b 43794465 		.ascii	"CyDelayUs\000"
 1252      6C617955 
 1252      7300
 1253              	.LASF11:
 1254 0235 63686172 		.ascii	"char\000"
 1254      00
 1255              	.LASF30:
 1256 023a 43795379 		.ascii	"CySysClkEcoStart\000"
 1256      73436C6B 
 1256      45636F53 
 1256      74617274 
 1256      00
 1257              	.LASF5:
 1258 024b 73686F72 		.ascii	"short int\000"
 1258      7420696E 
 1258      7400
 1259              	.LASF29:
 1260 0255 43795379 		.ascii	"CySysClkWriteImoFreq\000"
 1260      73436C6B 
 1260      57726974 
 1260      65496D6F 
 1260      46726571 
 1261              	.LASF7:
 1262 026a 6C6F6E67 		.ascii	"long int\000"
 1262      20696E74 
 1262      00
ARM GAS  C:\Users\alex\AppData\Local\Temp\ccmm0NNI.s 			page 31


 1263              	.LASF2:
 1264 0273 6C6F6E67 		.ascii	"long double\000"
 1264      20646F75 
 1264      626C6500 
 1265              	.LASF3:
 1266 027f 7369676E 		.ascii	"signed char\000"
 1266      65642063 
 1266      68617200 
 1267              	.LASF35:
 1268 028b 47656E65 		.ascii	"Generated_Source\\PSoC4\\cyfitter_cfg.c\000"
 1268      72617465 
 1268      645F536F 
 1268      75726365 
 1268      5C50536F 
 1269              		.ident	"GCC: (GNU Tools for ARM Embedded Processors) 5.4.1 20160609 (release) [ARM/embedded-5-bran
